--- Démarrage de l'entraînement Baseline ---
Device utilisé : cuda
--- Exécution version : 3 ---
--------------------------------
--- Epoch 1/50 ---
  Batch 10/100 – Loss: 2.0774e+00
  Batch 20/100 – Loss: 2.0820e+00
  Batch 30/100 – Loss: 2.0622e+00
  Batch 40/100 – Loss: 2.0343e+00
  Batch 50/100 – Loss: 2.0409e+00
  Batch 60/100 – Loss: 2.0512e+00
  Batch 70/100 – Loss: 2.0604e+00
  Batch 80/100 – Loss: 2.0177e+00
  Batch 90/100 – Loss: 2.0188e+00
  Batch 100/100 – Loss: 2.0321e+00
Train Loss: 2.0448e+00 | Val Loss: 1.9652e+00
Train Accuracy: 0.1967 | Val Accuracy: 0.2891
--------------------------------
--- Epoch 2/50 ---
  Batch 10/100 – Loss: 1.9490e+00
  Batch 20/100 – Loss: 1.8945e+00
  Batch 30/100 – Loss: 2.0272e+00
  Batch 40/100 – Loss: 1.8968e+00
  Batch 50/100 – Loss: 1.9272e+00
  Batch 60/100 – Loss: 1.9001e+00
  Batch 70/100 – Loss: 2.0149e+00
  Batch 80/100 – Loss: 1.9532e+00
  Batch 90/100 – Loss: 1.9700e+00
  Batch 100/100 – Loss: 1.9267e+00
Train Loss: 1.9491e+00 | Val Loss: 1.8893e+00
Train Accuracy: 0.3166 | Val Accuracy: 0.3730
--------------------------------
--- Epoch 3/50 ---
  Batch 10/100 – Loss: 1.9517e+00
  Batch 20/100 – Loss: 1.8193e+00
  Batch 30/100 – Loss: 1.9196e+00
  Batch 40/100 – Loss: 1.9996e+00
  Batch 50/100 – Loss: 1.8614e+00
  Batch 60/100 – Loss: 1.9737e+00
  Batch 70/100 – Loss: 1.8737e+00
  Batch 80/100 – Loss: 1.9303e+00
  Batch 90/100 – Loss: 1.8541e+00
  Batch 100/100 – Loss: 1.8799e+00
Train Loss: 1.9068e+00 | Val Loss: 1.8517e+00
Train Accuracy: 0.3602 | Val Accuracy: 0.4230
--------------------------------
--- Epoch 4/50 ---
  Batch 10/100 – Loss: 1.8571e+00
  Batch 20/100 – Loss: 1.8974e+00
  Batch 30/100 – Loss: 1.8339e+00
  Batch 40/100 – Loss: 1.8242e+00
  Batch 50/100 – Loss: 1.9091e+00
  Batch 60/100 – Loss: 1.7203e+00
  Batch 70/100 – Loss: 1.8969e+00
  Batch 80/100 – Loss: 1.9416e+00
  Batch 90/100 – Loss: 1.8771e+00
  Batch 100/100 – Loss: 1.7697e+00
Train Loss: 1.8734e+00 | Val Loss: 1.8579e+00
Train Accuracy: 0.3922 | Val Accuracy: 0.4105
--------------------------------
--- Epoch 5/50 ---
  Batch 10/100 – Loss: 1.7864e+00
  Batch 20/100 – Loss: 1.7130e+00
  Batch 30/100 – Loss: 1.8337e+00
  Batch 40/100 – Loss: 1.9734e+00
  Batch 50/100 – Loss: 1.8380e+00
  Batch 60/100 – Loss: 1.8308e+00
  Batch 70/100 – Loss: 1.7750e+00
  Batch 80/100 – Loss: 1.8200e+00
  Batch 90/100 – Loss: 1.8860e+00
  Batch 100/100 – Loss: 1.9095e+00
Train Loss: 1.8478e+00 | Val Loss: 1.8232e+00
Train Accuracy: 0.4199 | Val Accuracy: 0.4418
--------------------------------
--- Epoch 6/50 ---
  Batch 10/100 – Loss: 1.8006e+00
  Batch 20/100 – Loss: 1.8169e+00
  Batch 30/100 – Loss: 1.8232e+00
  Batch 40/100 – Loss: 1.7893e+00
  Batch 50/100 – Loss: 1.8748e+00
  Batch 60/100 – Loss: 1.7587e+00
  Batch 70/100 – Loss: 1.9208e+00
  Batch 80/100 – Loss: 1.7543e+00
  Batch 90/100 – Loss: 1.8102e+00
  Batch 100/100 – Loss: 1.8252e+00
Train Loss: 1.8198e+00 | Val Loss: 1.8344e+00
Train Accuracy: 0.4482 | Val Accuracy: 0.4343
--------------------------------
--- Epoch 7/50 ---
  Batch 10/100 – Loss: 1.8036e+00
  Batch 20/100 – Loss: 1.8921e+00
  Batch 30/100 – Loss: 1.8076e+00
  Batch 40/100 – Loss: 1.8633e+00
  Batch 50/100 – Loss: 1.7537e+00
  Batch 60/100 – Loss: 1.8770e+00
  Batch 70/100 – Loss: 1.8766e+00
  Batch 80/100 – Loss: 1.7944e+00
  Batch 90/100 – Loss: 1.7631e+00
  Batch 100/100 – Loss: 1.7082e+00
Train Loss: 1.8060e+00 | Val Loss: 1.7976e+00
Train Accuracy: 0.4623 | Val Accuracy: 0.4756
--------------------------------
--- Epoch 8/50 ---
  Batch 10/100 – Loss: 1.7929e+00
  Batch 20/100 – Loss: 1.7264e+00
  Batch 30/100 – Loss: 1.7638e+00
  Batch 40/100 – Loss: 1.8532e+00
  Batch 50/100 – Loss: 1.7176e+00
  Batch 60/100 – Loss: 1.8092e+00
  Batch 70/100 – Loss: 1.8258e+00
  Batch 80/100 – Loss: 1.8859e+00
  Batch 90/100 – Loss: 1.7379e+00
  Batch 100/100 – Loss: 1.7685e+00
Train Loss: 1.7924e+00 | Val Loss: 1.8039e+00
Train Accuracy: 0.4759 | Val Accuracy: 0.4668
--------------------------------
--- Epoch 9/50 ---
  Batch 10/100 – Loss: 1.6956e+00
  Batch 20/100 – Loss: 1.6743e+00
  Batch 30/100 – Loss: 1.8302e+00
  Batch 40/100 – Loss: 1.7726e+00
  Batch 50/100 – Loss: 1.6718e+00
  Batch 60/100 – Loss: 1.7409e+00
  Batch 70/100 – Loss: 1.6906e+00
  Batch 80/100 – Loss: 1.7323e+00
  Batch 90/100 – Loss: 1.7937e+00
  Batch 100/100 – Loss: 1.7791e+00
Train Loss: 1.7696e+00 | Val Loss: 1.7858e+00
Train Accuracy: 0.5026 | Val Accuracy: 0.4819
--------------------------------
--- Epoch 10/50 ---
  Batch 10/100 – Loss: 1.7885e+00
  Batch 20/100 – Loss: 1.7702e+00
  Batch 30/100 – Loss: 1.8059e+00
  Batch 40/100 – Loss: 1.7218e+00
  Batch 50/100 – Loss: 1.7932e+00
  Batch 60/100 – Loss: 1.8208e+00
  Batch 70/100 – Loss: 1.8061e+00
  Batch 80/100 – Loss: 1.6654e+00
  Batch 90/100 – Loss: 1.7928e+00
  Batch 100/100 – Loss: 1.7027e+00
Train Loss: 1.7474e+00 | Val Loss: 1.7867e+00
Train Accuracy: 0.5270 | Val Accuracy: 0.4806
--------------------------------
--- Epoch 11/50 ---
  Batch 10/100 – Loss: 1.6582e+00
  Batch 20/100 – Loss: 1.7398e+00
  Batch 30/100 – Loss: 1.7858e+00
  Batch 40/100 – Loss: 1.7601e+00
  Batch 50/100 – Loss: 1.6494e+00
  Batch 60/100 – Loss: 1.5920e+00
  Batch 70/100 – Loss: 1.7751e+00
  Batch 80/100 – Loss: 1.7558e+00
  Batch 90/100 – Loss: 1.6553e+00
  Batch 100/100 – Loss: 1.6632e+00
Train Loss: 1.7130e+00 | Val Loss: 1.7759e+00
Train Accuracy: 0.5609 | Val Accuracy: 0.5019
--------------------------------
--- Epoch 12/50 ---
  Batch 10/100 – Loss: 1.7302e+00
  Batch 20/100 – Loss: 1.7659e+00
  Batch 30/100 – Loss: 1.7401e+00
  Batch 40/100 – Loss: 1.6398e+00
  Batch 50/100 – Loss: 1.7575e+00
  Batch 60/100 – Loss: 1.6802e+00
  Batch 70/100 – Loss: 1.6633e+00
  Batch 80/100 – Loss: 1.7136e+00
  Batch 90/100 – Loss: 1.5753e+00
  Batch 100/100 – Loss: 1.7759e+00
Train Loss: 1.7025e+00 | Val Loss: 1.7750e+00
Train Accuracy: 0.5715 | Val Accuracy: 0.5006
--------------------------------
--- Epoch 13/50 ---
  Batch 10/100 – Loss: 1.7131e+00
  Batch 20/100 – Loss: 1.6552e+00
  Batch 30/100 – Loss: 1.7301e+00
  Batch 40/100 – Loss: 1.6461e+00
  Batch 50/100 – Loss: 1.6855e+00
  Batch 60/100 – Loss: 1.7309e+00
  Batch 70/100 – Loss: 1.7098e+00
  Batch 80/100 – Loss: 1.7750e+00
  Batch 90/100 – Loss: 1.7727e+00
  Batch 100/100 – Loss: 1.6752e+00
Train Loss: 1.6984e+00 | Val Loss: 1.7773e+00
Train Accuracy: 0.5746 | Val Accuracy: 0.5006
--------------------------------
--- Epoch 14/50 ---
  Batch 10/100 – Loss: 1.7473e+00
  Batch 20/100 – Loss: 1.6262e+00
  Batch 30/100 – Loss: 1.7328e+00
  Batch 40/100 – Loss: 1.7018e+00
  Batch 50/100 – Loss: 1.6419e+00
  Batch 60/100 – Loss: 1.6928e+00
  Batch 70/100 – Loss: 1.7197e+00
  Batch 80/100 – Loss: 1.6124e+00
  Batch 90/100 – Loss: 1.7099e+00
  Batch 100/100 – Loss: 1.7117e+00
Train Loss: 1.6916e+00 | Val Loss: 1.7740e+00
Train Accuracy: 0.5817 | Val Accuracy: 0.5044
--------------------------------
--- Epoch 15/50 ---
  Batch 10/100 – Loss: 1.6891e+00
  Batch 20/100 – Loss: 1.6978e+00
  Batch 30/100 – Loss: 1.7362e+00
  Batch 40/100 – Loss: 1.5898e+00
  Batch 50/100 – Loss: 1.7357e+00
  Batch 60/100 – Loss: 1.7250e+00
  Batch 70/100 – Loss: 1.7521e+00
  Batch 80/100 – Loss: 1.6569e+00
  Batch 90/100 – Loss: 1.6900e+00
  Batch 100/100 – Loss: 1.7263e+00
Train Loss: 1.6909e+00 | Val Loss: 1.7767e+00
Train Accuracy: 0.5823 | Val Accuracy: 0.4894
--------------------------------
--- Epoch 16/50 ---
  Batch 10/100 – Loss: 1.7799e+00
  Batch 20/100 – Loss: 1.6292e+00
  Batch 30/100 – Loss: 1.6746e+00
  Batch 40/100 – Loss: 1.6072e+00
  Batch 50/100 – Loss: 1.5995e+00
  Batch 60/100 – Loss: 1.7942e+00
  Batch 70/100 – Loss: 1.6363e+00
  Batch 80/100 – Loss: 1.7733e+00
  Batch 90/100 – Loss: 1.6512e+00
  Batch 100/100 – Loss: 1.7289e+00
Train Loss: 1.6843e+00 | Val Loss: 1.7779e+00
Train Accuracy: 0.5888 | Val Accuracy: 0.4906
--------------------------------
--- Epoch 17/50 ---
  Batch 10/100 – Loss: 1.7566e+00
  Batch 20/100 – Loss: 1.6990e+00
  Batch 30/100 – Loss: 1.7071e+00
  Batch 40/100 – Loss: 1.6781e+00
  Batch 50/100 – Loss: 1.7831e+00
  Batch 60/100 – Loss: 1.6451e+00
  Batch 70/100 – Loss: 1.7703e+00
  Batch 80/100 – Loss: 1.7519e+00
  Batch 90/100 – Loss: 1.7408e+00
  Batch 100/100 – Loss: 1.5991e+00
Train Loss: 1.6838e+00 | Val Loss: 1.7776e+00
Train Accuracy: 0.5909 | Val Accuracy: 0.4894
--------------------------------
--- Epoch 18/50 ---
  Batch 10/100 – Loss: 1.6494e+00
  Batch 20/100 – Loss: 1.6885e+00
  Batch 30/100 – Loss: 1.7069e+00
  Batch 40/100 – Loss: 1.6373e+00
  Batch 50/100 – Loss: 1.6284e+00
  Batch 60/100 – Loss: 1.7334e+00
  Batch 70/100 – Loss: 1.6389e+00
  Batch 80/100 – Loss: 1.6684e+00
  Batch 90/100 – Loss: 1.5619e+00
  Batch 100/100 – Loss: 1.7320e+00
Train Loss: 1.6778e+00 | Val Loss: 1.7770e+00
Train Accuracy: 0.5962 | Val Accuracy: 0.4969
--------------------------------
--- Epoch 19/50 ---
  Batch 10/100 – Loss: 1.6532e+00
  Batch 20/100 – Loss: 1.6882e+00
  Batch 30/100 – Loss: 1.7200e+00
  Batch 40/100 – Loss: 1.7916e+00
  Batch 50/100 – Loss: 1.7322e+00
  Batch 60/100 – Loss: 1.6595e+00
  Batch 70/100 – Loss: 1.7377e+00
  Batch 80/100 – Loss: 1.6094e+00
  Batch 90/100 – Loss: 1.7696e+00
  Batch 100/100 – Loss: 1.6121e+00
Train Loss: 1.6779e+00 | Val Loss: 1.7758e+00
Train Accuracy: 0.5982 | Val Accuracy: 0.4969
--------------------------------
--- Epoch 20/50 ---
  Batch 10/100 – Loss: 1.6328e+00
  Batch 20/100 – Loss: 1.6909e+00
  Batch 30/100 – Loss: 1.6165e+00
  Batch 40/100 – Loss: 1.5361e+00
  Batch 50/100 – Loss: 1.6351e+00
  Batch 60/100 – Loss: 1.6764e+00
  Batch 70/100 – Loss: 1.6180e+00
  Batch 80/100 – Loss: 1.7174e+00
  Batch 90/100 – Loss: 1.7445e+00
  Batch 100/100 – Loss: 1.5790e+00
Train Loss: 1.6702e+00 | Val Loss: 1.7743e+00
Train Accuracy: 0.6049 | Val Accuracy: 0.4969
--------------------------------
--- Epoch 21/50 ---
  Batch 10/100 – Loss: 1.7125e+00
  Batch 20/100 – Loss: 1.7138e+00
  Batch 30/100 – Loss: 1.7353e+00
  Batch 40/100 – Loss: 1.6381e+00
  Batch 50/100 – Loss: 1.6137e+00
  Batch 60/100 – Loss: 1.7096e+00
  Batch 70/100 – Loss: 1.6527e+00
  Batch 80/100 – Loss: 1.7176e+00
  Batch 90/100 – Loss: 1.5989e+00
  Batch 100/100 – Loss: 1.6799e+00
Train Loss: 1.6667e+00 | Val Loss: 1.7732e+00
Train Accuracy: 0.6107 | Val Accuracy: 0.4956
--------------------------------
--- Epoch 22/50 ---
  Batch 10/100 – Loss: 1.6491e+00
  Batch 20/100 – Loss: 1.6707e+00
  Batch 30/100 – Loss: 1.6912e+00
  Batch 40/100 – Loss: 1.5541e+00
  Batch 50/100 – Loss: 1.7409e+00
  Batch 60/100 – Loss: 1.6494e+00
  Batch 70/100 – Loss: 1.5997e+00
  Batch 80/100 – Loss: 1.7152e+00
  Batch 90/100 – Loss: 1.7488e+00
  Batch 100/100 – Loss: 1.6523e+00
Train Loss: 1.6641e+00 | Val Loss: 1.7728e+00
Train Accuracy: 0.6087 | Val Accuracy: 0.4981
--------------------------------
--- Epoch 23/50 ---
  Batch 10/100 – Loss: 1.6824e+00
  Batch 20/100 – Loss: 1.6797e+00
  Batch 30/100 – Loss: 1.6458e+00
  Batch 40/100 – Loss: 1.6249e+00
  Batch 50/100 – Loss: 1.7312e+00
  Batch 60/100 – Loss: 1.6802e+00
  Batch 70/100 – Loss: 1.6019e+00
  Batch 80/100 – Loss: 1.5775e+00
  Batch 90/100 – Loss: 1.6675e+00
  Batch 100/100 – Loss: 1.7325e+00
Train Loss: 1.6651e+00 | Val Loss: 1.7733e+00
Train Accuracy: 0.6096 | Val Accuracy: 0.4981
--------------------------------
--- Epoch 24/50 ---
  Batch 10/100 – Loss: 1.6981e+00
  Batch 20/100 – Loss: 1.5669e+00
  Batch 30/100 – Loss: 1.6126e+00
  Batch 40/100 – Loss: 1.7174e+00
  Batch 50/100 – Loss: 1.6993e+00
  Batch 60/100 – Loss: 1.7492e+00
  Batch 70/100 – Loss: 1.7013e+00
  Batch 80/100 – Loss: 1.7555e+00
  Batch 90/100 – Loss: 1.5040e+00
  Batch 100/100 – Loss: 1.7177e+00
Train Loss: 1.6674e+00 | Val Loss: 1.7735e+00
Train Accuracy: 0.6093 | Val Accuracy: 0.4994
--------------------------------
--- Epoch 25/50 ---
  Batch 10/100 – Loss: 1.6638e+00
  Batch 20/100 – Loss: 1.7394e+00
  Batch 30/100 – Loss: 1.6842e+00
  Batch 40/100 – Loss: 1.6897e+00
  Batch 50/100 – Loss: 1.6494e+00
  Batch 60/100 – Loss: 1.6844e+00
  Batch 70/100 – Loss: 1.6418e+00
  Batch 80/100 – Loss: 1.7825e+00
  Batch 90/100 – Loss: 1.7757e+00
  Batch 100/100 – Loss: 1.6544e+00
Train Loss: 1.6667e+00 | Val Loss: 1.7738e+00
Train Accuracy: 0.6090 | Val Accuracy: 0.4956
--------------------------------
--- Epoch 26/50 ---
  Batch 10/100 – Loss: 1.6139e+00
  Batch 20/100 – Loss: 1.6695e+00
  Batch 30/100 – Loss: 1.6635e+00
  Batch 40/100 – Loss: 1.6479e+00
  Batch 50/100 – Loss: 1.6751e+00
  Batch 60/100 – Loss: 1.7412e+00
  Batch 70/100 – Loss: 1.6149e+00
  Batch 80/100 – Loss: 1.6730e+00
  Batch 90/100 – Loss: 1.7363e+00
  Batch 100/100 – Loss: 1.7396e+00
Train Loss: 1.6607e+00 | Val Loss: 1.7726e+00
Train Accuracy: 0.6176 | Val Accuracy: 0.4969
--------------------------------
--- Epoch 27/50 ---
  Batch 10/100 – Loss: 1.5385e+00
  Batch 20/100 – Loss: 1.6696e+00
  Batch 30/100 – Loss: 1.6928e+00
  Batch 40/100 – Loss: 1.6876e+00
  Batch 50/100 – Loss: 1.7122e+00
  Batch 60/100 – Loss: 1.6956e+00
  Batch 70/100 – Loss: 1.6612e+00
  Batch 80/100 – Loss: 1.5938e+00
  Batch 90/100 – Loss: 1.6628e+00
  Batch 100/100 – Loss: 1.7370e+00
Train Loss: 1.6652e+00 | Val Loss: 1.7729e+00
Train Accuracy: 0.6118 | Val Accuracy: 0.5031
--------------------------------
--- Epoch 28/50 ---
  Batch 10/100 – Loss: 1.6487e+00
  Batch 20/100 – Loss: 1.6489e+00
  Batch 30/100 – Loss: 1.6769e+00
  Batch 40/100 – Loss: 1.6736e+00
  Batch 50/100 – Loss: 1.5902e+00
  Batch 60/100 – Loss: 1.6034e+00
  Batch 70/100 – Loss: 1.6160e+00
  Batch 80/100 – Loss: 1.7696e+00
  Batch 90/100 – Loss: 1.5765e+00
  Batch 100/100 – Loss: 1.7182e+00
Train Loss: 1.6649e+00 | Val Loss: 1.7731e+00
Train Accuracy: 0.6106 | Val Accuracy: 0.5031
--------------------------------
--- Epoch 29/50 ---
  Batch 10/100 – Loss: 1.6597e+00
  Batch 20/100 – Loss: 1.6496e+00
  Batch 30/100 – Loss: 1.6146e+00
  Batch 40/100 – Loss: 1.6276e+00
  Batch 50/100 – Loss: 1.6987e+00
  Batch 60/100 – Loss: 1.6676e+00
  Batch 70/100 – Loss: 1.6098e+00
  Batch 80/100 – Loss: 1.6777e+00
  Batch 90/100 – Loss: 1.6632e+00
  Batch 100/100 – Loss: 1.6409e+00
Train Loss: 1.6614e+00 | Val Loss: 1.7730e+00
Train Accuracy: 0.6153 | Val Accuracy: 0.5044
--------------------------------
--- Epoch 30/50 ---
  Batch 10/100 – Loss: 1.5281e+00
  Batch 20/100 – Loss: 1.6325e+00
  Batch 30/100 – Loss: 1.6270e+00
  Batch 40/100 – Loss: 1.6235e+00
  Batch 50/100 – Loss: 1.7153e+00
  Batch 60/100 – Loss: 1.5958e+00
  Batch 70/100 – Loss: 1.5687e+00
  Batch 80/100 – Loss: 1.6390e+00
  Batch 90/100 – Loss: 1.7222e+00
  Batch 100/100 – Loss: 1.7196e+00
Train Loss: 1.6625e+00 | Val Loss: 1.7735e+00
Train Accuracy: 0.6145 | Val Accuracy: 0.5031
--------------------------------
--- Epoch 31/50 ---
  Batch 10/100 – Loss: 1.6387e+00
  Batch 20/100 – Loss: 1.6654e+00
  Batch 30/100 – Loss: 1.6988e+00
  Batch 40/100 – Loss: 1.5653e+00
  Batch 50/100 – Loss: 1.7440e+00
  Batch 60/100 – Loss: 1.6849e+00
  Batch 70/100 – Loss: 1.7436e+00
  Batch 80/100 – Loss: 1.7496e+00
  Batch 90/100 – Loss: 1.5722e+00
  Batch 100/100 – Loss: 1.6635e+00
Train Loss: 1.6631e+00 | Val Loss: 1.7733e+00
Train Accuracy: 0.6137 | Val Accuracy: 0.5019
--------------------------------
--- Epoch 32/50 ---
  Batch 10/100 – Loss: 1.6860e+00
  Batch 20/100 – Loss: 1.6162e+00
  Batch 30/100 – Loss: 1.6342e+00
  Batch 40/100 – Loss: 1.6394e+00
  Batch 50/100 – Loss: 1.6762e+00
  Batch 60/100 – Loss: 1.6565e+00
  Batch 70/100 – Loss: 1.6544e+00
  Batch 80/100 – Loss: 1.7373e+00
  Batch 90/100 – Loss: 1.6935e+00
  Batch 100/100 – Loss: 1.5974e+00
Train Loss: 1.6626e+00 | Val Loss: 1.7733e+00
Train Accuracy: 0.6132 | Val Accuracy: 0.5031
--------------------------------
--- Epoch 33/50 ---
  Batch 10/100 – Loss: 1.7016e+00
  Batch 20/100 – Loss: 1.6416e+00
  Batch 30/100 – Loss: 1.6942e+00
  Batch 40/100 – Loss: 1.6710e+00
  Batch 50/100 – Loss: 1.5302e+00
  Batch 60/100 – Loss: 1.6321e+00
  Batch 70/100 – Loss: 1.7254e+00
  Batch 80/100 – Loss: 1.5813e+00
  Batch 90/100 – Loss: 1.6411e+00
  Batch 100/100 – Loss: 1.6068e+00
Train Loss: 1.6599e+00 | Val Loss: 1.7732e+00
Train Accuracy: 0.6167 | Val Accuracy: 0.5031
--------------------------------
--- Epoch 34/50 ---
  Batch 10/100 – Loss: 1.7513e+00
  Batch 20/100 – Loss: 1.6705e+00
  Batch 30/100 – Loss: 1.6500e+00
  Batch 40/100 – Loss: 1.6959e+00
  Batch 50/100 – Loss: 1.6953e+00
  Batch 60/100 – Loss: 1.7024e+00
  Batch 70/100 – Loss: 1.6457e+00
  Batch 80/100 – Loss: 1.6605e+00
  Batch 90/100 – Loss: 1.6451e+00
  Batch 100/100 – Loss: 1.6180e+00
Train Loss: 1.6597e+00 | Val Loss: 1.7732e+00
Train Accuracy: 0.6178 | Val Accuracy: 0.5031
--------------------------------
--- Epoch 35/50 ---
  Batch 10/100 – Loss: 1.6060e+00
  Batch 20/100 – Loss: 1.6556e+00
  Batch 30/100 – Loss: 1.6631e+00
  Batch 40/100 – Loss: 1.7015e+00
  Batch 50/100 – Loss: 1.5992e+00
  Batch 60/100 – Loss: 1.6391e+00
  Batch 70/100 – Loss: 1.6042e+00
  Batch 80/100 – Loss: 1.6513e+00
  Batch 90/100 – Loss: 1.7379e+00
  Batch 100/100 – Loss: 1.6529e+00
Train Loss: 1.6621e+00 | Val Loss: 1.7731e+00
Train Accuracy: 0.6121 | Val Accuracy: 0.5031
--------------------------------
--- Epoch 36/50 ---
  Batch 10/100 – Loss: 1.6680e+00
  Batch 20/100 – Loss: 1.6568e+00
  Batch 30/100 – Loss: 1.5864e+00
  Batch 40/100 – Loss: 1.7095e+00
  Batch 50/100 – Loss: 1.6705e+00
  Batch 60/100 – Loss: 1.5988e+00
  Batch 70/100 – Loss: 1.6614e+00
  Batch 80/100 – Loss: 1.7032e+00
  Batch 90/100 – Loss: 1.6858e+00
  Batch 100/100 – Loss: 1.6752e+00
Train Loss: 1.6628e+00 | Val Loss: 1.7732e+00
Train Accuracy: 0.6154 | Val Accuracy: 0.5019
--------------------------------
--- Epoch 37/50 ---
  Batch 10/100 – Loss: 1.5637e+00
  Batch 20/100 – Loss: 1.7341e+00
  Batch 30/100 – Loss: 1.5714e+00
  Batch 40/100 – Loss: 1.6555e+00
  Batch 50/100 – Loss: 1.6114e+00
  Batch 60/100 – Loss: 1.7781e+00
  Batch 70/100 – Loss: 1.6117e+00
  Batch 80/100 – Loss: 1.6412e+00
  Batch 90/100 – Loss: 1.5666e+00
  Batch 100/100 – Loss: 1.6546e+00
Train Loss: 1.6605e+00 | Val Loss: 1.7731e+00
Train Accuracy: 0.6148 | Val Accuracy: 0.5031
--------------------------------
--- Epoch 38/50 ---
  Batch 10/100 – Loss: 1.7677e+00
  Batch 20/100 – Loss: 1.5978e+00
  Batch 30/100 – Loss: 1.5581e+00
  Batch 40/100 – Loss: 1.5995e+00
  Batch 50/100 – Loss: 1.6309e+00
  Batch 60/100 – Loss: 1.7082e+00
  Batch 70/100 – Loss: 1.6951e+00
  Batch 80/100 – Loss: 1.6400e+00
  Batch 90/100 – Loss: 1.5451e+00
  Batch 100/100 – Loss: 1.6736e+00
Train Loss: 1.6612e+00 | Val Loss: 1.7732e+00
Train Accuracy: 0.6140 | Val Accuracy: 0.5031
--------------------------------
--- Epoch 39/50 ---
  Batch 10/100 – Loss: 1.6627e+00
  Batch 20/100 – Loss: 1.6614e+00
  Batch 30/100 – Loss: 1.7603e+00
  Batch 40/100 – Loss: 1.6928e+00
  Batch 50/100 – Loss: 1.7560e+00
  Batch 60/100 – Loss: 1.7116e+00
  Batch 70/100 – Loss: 1.6005e+00
  Batch 80/100 – Loss: 1.6177e+00
  Batch 90/100 – Loss: 1.5621e+00
  Batch 100/100 – Loss: 1.5913e+00
Train Loss: 1.6632e+00 | Val Loss: 1.7733e+00
Train Accuracy: 0.6140 | Val Accuracy: 0.5006
--------------------------------
--- Epoch 40/50 ---
  Batch 10/100 – Loss: 1.6536e+00
  Batch 20/100 – Loss: 1.7159e+00
  Batch 30/100 – Loss: 1.6331e+00
  Batch 40/100 – Loss: 1.6572e+00
  Batch 50/100 – Loss: 1.7131e+00
  Batch 60/100 – Loss: 1.7078e+00
  Batch 70/100 – Loss: 1.7266e+00
  Batch 80/100 – Loss: 1.6432e+00
  Batch 90/100 – Loss: 1.6343e+00
  Batch 100/100 – Loss: 1.7394e+00
Train Loss: 1.6617e+00 | Val Loss: 1.7733e+00
Train Accuracy: 0.6156 | Val Accuracy: 0.5006
--------------------------------
--- Epoch 41/50 ---
  Batch 10/100 – Loss: 1.7187e+00
  Batch 20/100 – Loss: 1.6847e+00
  Batch 30/100 – Loss: 1.6651e+00
  Batch 40/100 – Loss: 1.6213e+00
  Batch 50/100 – Loss: 1.6729e+00
  Batch 60/100 – Loss: 1.6190e+00
  Batch 70/100 – Loss: 1.5875e+00
  Batch 80/100 – Loss: 1.5887e+00
  Batch 90/100 – Loss: 1.6788e+00
  Batch 100/100 – Loss: 1.6194e+00
Train Loss: 1.6602e+00 | Val Loss: 1.7733e+00
Train Accuracy: 0.6162 | Val Accuracy: 0.5019
--------------------------------
--- Epoch 42/50 ---
  Batch 10/100 – Loss: 1.6695e+00
  Batch 20/100 – Loss: 1.6280e+00
  Batch 30/100 – Loss: 1.6841e+00
  Batch 40/100 – Loss: 1.6779e+00
  Batch 50/100 – Loss: 1.6280e+00
  Batch 60/100 – Loss: 1.6844e+00
  Batch 70/100 – Loss: 1.7435e+00
  Batch 80/100 – Loss: 1.7478e+00
  Batch 90/100 – Loss: 1.7306e+00
  Batch 100/100 – Loss: 1.5506e+00
Train Loss: 1.6607e+00 | Val Loss: 1.7733e+00
Train Accuracy: 0.6159 | Val Accuracy: 0.5006
--------------------------------
--- Epoch 43/50 ---
  Batch 10/100 – Loss: 1.6353e+00
  Batch 20/100 – Loss: 1.6250e+00
  Batch 30/100 – Loss: 1.6589e+00
  Batch 40/100 – Loss: 1.6044e+00
  Batch 50/100 – Loss: 1.6108e+00
  Batch 60/100 – Loss: 1.5970e+00
  Batch 70/100 – Loss: 1.7047e+00
  Batch 80/100 – Loss: 1.6942e+00
  Batch 90/100 – Loss: 1.6218e+00
  Batch 100/100 – Loss: 1.7266e+00
Train Loss: 1.6617e+00 | Val Loss: 1.7733e+00
Train Accuracy: 0.6160 | Val Accuracy: 0.5006
--------------------------------
--- Epoch 44/50 ---
  Batch 10/100 – Loss: 1.7222e+00
  Batch 20/100 – Loss: 1.7237e+00
  Batch 30/100 – Loss: 1.7152e+00
  Batch 40/100 – Loss: 1.6764e+00
  Batch 50/100 – Loss: 1.6311e+00
  Batch 60/100 – Loss: 1.7152e+00
  Batch 70/100 – Loss: 1.5790e+00
  Batch 80/100 – Loss: 1.5591e+00
  Batch 90/100 – Loss: 1.8479e+00
  Batch 100/100 – Loss: 1.6742e+00
Train Loss: 1.6606e+00 | Val Loss: 1.7733e+00
Train Accuracy: 0.6160 | Val Accuracy: 0.5006
--------------------------------
--- Epoch 45/50 ---
  Batch 10/100 – Loss: 1.5968e+00
  Batch 20/100 – Loss: 1.6604e+00
  Batch 30/100 – Loss: 1.6652e+00
  Batch 40/100 – Loss: 1.7053e+00
  Batch 50/100 – Loss: 1.6532e+00
  Batch 60/100 – Loss: 1.7320e+00
  Batch 70/100 – Loss: 1.6898e+00
  Batch 80/100 – Loss: 1.6386e+00
  Batch 90/100 – Loss: 1.7285e+00
  Batch 100/100 – Loss: 1.5936e+00
Train Loss: 1.6607e+00 | Val Loss: 1.7733e+00
Train Accuracy: 0.6174 | Val Accuracy: 0.5006
--------------------------------
--- Epoch 46/50 ---
  Batch 10/100 – Loss: 1.6416e+00
  Batch 20/100 – Loss: 1.5557e+00
  Batch 30/100 – Loss: 1.6673e+00
  Batch 40/100 – Loss: 1.5668e+00
  Batch 50/100 – Loss: 1.7316e+00
  Batch 60/100 – Loss: 1.7582e+00
  Batch 70/100 – Loss: 1.6543e+00
  Batch 80/100 – Loss: 1.7292e+00
  Batch 90/100 – Loss: 1.6614e+00
  Batch 100/100 – Loss: 1.6149e+00
Train Loss: 1.6630e+00 | Val Loss: 1.7733e+00
Train Accuracy: 0.6126 | Val Accuracy: 0.5006
--------------------------------
--- Epoch 47/50 ---
  Batch 10/100 – Loss: 1.6623e+00
  Batch 20/100 – Loss: 1.6849e+00
  Batch 30/100 – Loss: 1.6733e+00
  Batch 40/100 – Loss: 1.6598e+00
  Batch 50/100 – Loss: 1.6220e+00
  Batch 60/100 – Loss: 1.7386e+00
  Batch 70/100 – Loss: 1.6410e+00
  Batch 80/100 – Loss: 1.7066e+00
  Batch 90/100 – Loss: 1.7309e+00
  Batch 100/100 – Loss: 1.5425e+00
Train Loss: 1.6633e+00 | Val Loss: 1.7733e+00
Train Accuracy: 0.6145 | Val Accuracy: 0.4994
--------------------------------
--- Epoch 48/50 ---
  Batch 10/100 – Loss: 1.7430e+00
  Batch 20/100 – Loss: 1.6878e+00
  Batch 30/100 – Loss: 1.5055e+00
  Batch 40/100 – Loss: 1.6440e+00
  Batch 50/100 – Loss: 1.6932e+00
  Batch 60/100 – Loss: 1.6396e+00
  Batch 70/100 – Loss: 1.7182e+00
  Batch 80/100 – Loss: 1.6450e+00
  Batch 90/100 – Loss: 1.6617e+00
  Batch 100/100 – Loss: 1.6915e+00
Train Loss: 1.6621e+00 | Val Loss: 1.7733e+00
Train Accuracy: 0.6140 | Val Accuracy: 0.4994
--------------------------------
--- Epoch 49/50 ---
  Batch 10/100 – Loss: 1.6294e+00
  Batch 20/100 – Loss: 1.6264e+00
  Batch 30/100 – Loss: 1.6782e+00
  Batch 40/100 – Loss: 1.7072e+00
  Batch 50/100 – Loss: 1.5983e+00
  Batch 60/100 – Loss: 1.6977e+00
  Batch 70/100 – Loss: 1.7374e+00
  Batch 80/100 – Loss: 1.6109e+00
  Batch 90/100 – Loss: 1.6761e+00
  Batch 100/100 – Loss: 1.6212e+00
Train Loss: 1.6613e+00 | Val Loss: 1.7733e+00
Train Accuracy: 0.6163 | Val Accuracy: 0.4994
--------------------------------
--- Epoch 50/50 ---
  Batch 10/100 – Loss: 1.6523e+00
  Batch 20/100 – Loss: 1.6419e+00
  Batch 30/100 – Loss: 1.6856e+00
  Batch 40/100 – Loss: 1.6752e+00
  Batch 50/100 – Loss: 1.7396e+00
  Batch 60/100 – Loss: 1.7254e+00
  Batch 70/100 – Loss: 1.7184e+00
  Batch 80/100 – Loss: 1.6964e+00
  Batch 90/100 – Loss: 1.6953e+00
  Batch 100/100 – Loss: 1.6610e+00
Train Loss: 1.6620e+00 | Val Loss: 1.7733e+00
Train Accuracy: 0.6135 | Val Accuracy: 0.4994
Modèle sauvegardé : results/baseline/weights/weights_3.pth
--- Entraînement Baseline terminé ---
