--- Démarrage de l'entraînement Baseline ---
Device utilisé : cuda
--- Exécution version : 2 ---
--------------------------------
--- Epoch 1/100 ---
  Batch 10/100 – Loss: 2.0835e+00
  Batch 20/100 – Loss: 2.0752e+00
  Batch 30/100 – Loss: 2.0477e+00
  Batch 40/100 – Loss: 2.1049e+00
  Batch 50/100 – Loss: 2.0213e+00
  Batch 60/100 – Loss: 1.9510e+00
  Batch 70/100 – Loss: 1.9652e+00
  Batch 80/100 – Loss: 1.9691e+00
  Batch 90/100 – Loss: 1.8546e+00
  Batch 100/100 – Loss: 1.9665e+00
Train Loss: 2.0178e+00 | Val Loss: 1.9433e+00
Train Accuracy: 0.2278 | Val Accuracy: 0.3342
--------------------------------
--- Epoch 2/100 ---
  Batch 10/100 – Loss: 1.8855e+00
  Batch 20/100 – Loss: 1.8996e+00
  Batch 30/100 – Loss: 2.0210e+00
  Batch 40/100 – Loss: 1.9630e+00
  Batch 50/100 – Loss: 1.8518e+00
  Batch 60/100 – Loss: 1.8835e+00
  Batch 70/100 – Loss: 1.9339e+00
  Batch 80/100 – Loss: 1.9854e+00
  Batch 90/100 – Loss: 1.8496e+00
  Batch 100/100 – Loss: 1.8607e+00
Train Loss: 1.9038e+00 | Val Loss: 1.8811e+00
Train Accuracy: 0.3597 | Val Accuracy: 0.3805
--------------------------------
--- Epoch 3/100 ---
  Batch 10/100 – Loss: 1.8662e+00
  Batch 20/100 – Loss: 1.8335e+00
  Batch 30/100 – Loss: 1.9044e+00
  Batch 40/100 – Loss: 1.8508e+00
  Batch 50/100 – Loss: 1.8329e+00
  Batch 60/100 – Loss: 1.9323e+00
  Batch 70/100 – Loss: 1.8578e+00
  Batch 80/100 – Loss: 1.7909e+00
  Batch 90/100 – Loss: 1.9240e+00
  Batch 100/100 – Loss: 1.8060e+00
Train Loss: 1.8613e+00 | Val Loss: 1.8475e+00
Train Accuracy: 0.4071 | Val Accuracy: 0.4143
--------------------------------
--- Epoch 4/100 ---
  Batch 10/100 – Loss: 1.9248e+00
  Batch 20/100 – Loss: 1.8560e+00
  Batch 30/100 – Loss: 1.8691e+00
  Batch 40/100 – Loss: 1.8244e+00
  Batch 50/100 – Loss: 1.8392e+00
  Batch 60/100 – Loss: 1.7547e+00
  Batch 70/100 – Loss: 1.8790e+00
  Batch 80/100 – Loss: 1.8528e+00
  Batch 90/100 – Loss: 1.8466e+00
  Batch 100/100 – Loss: 1.8271e+00
Train Loss: 1.8395e+00 | Val Loss: 1.8521e+00
Train Accuracy: 0.4269 | Val Accuracy: 0.4255
--------------------------------
--- Epoch 5/100 ---
  Batch 10/100 – Loss: 1.8496e+00
  Batch 20/100 – Loss: 1.7665e+00
  Batch 30/100 – Loss: 1.8012e+00
  Batch 40/100 – Loss: 1.7710e+00
  Batch 50/100 – Loss: 1.8517e+00
  Batch 60/100 – Loss: 1.8131e+00
  Batch 70/100 – Loss: 1.7469e+00
  Batch 80/100 – Loss: 1.8143e+00
  Batch 90/100 – Loss: 1.8107e+00
  Batch 100/100 – Loss: 1.8595e+00
Train Loss: 1.8130e+00 | Val Loss: 1.8434e+00
Train Accuracy: 0.4524 | Val Accuracy: 0.4318
--------------------------------
--- Epoch 6/100 ---
  Batch 10/100 – Loss: 1.7227e+00
  Batch 20/100 – Loss: 1.7622e+00
  Batch 30/100 – Loss: 1.7925e+00
  Batch 40/100 – Loss: 1.7822e+00
  Batch 50/100 – Loss: 1.7560e+00
  Batch 60/100 – Loss: 1.7956e+00
  Batch 70/100 – Loss: 1.8485e+00
  Batch 80/100 – Loss: 1.7456e+00
  Batch 90/100 – Loss: 1.8958e+00
  Batch 100/100 – Loss: 1.7924e+00
Train Loss: 1.7831e+00 | Val Loss: 1.8661e+00
Train Accuracy: 0.4885 | Val Accuracy: 0.4105
--------------------------------
--- Epoch 7/100 ---
  Batch 10/100 – Loss: 1.7243e+00
  Batch 20/100 – Loss: 1.6369e+00
  Batch 30/100 – Loss: 1.7403e+00
  Batch 40/100 – Loss: 1.8431e+00
  Batch 50/100 – Loss: 1.8168e+00
  Batch 60/100 – Loss: 1.7773e+00
  Batch 70/100 – Loss: 1.7489e+00
  Batch 80/100 – Loss: 1.7951e+00
  Batch 90/100 – Loss: 1.7339e+00
  Batch 100/100 – Loss: 1.8068e+00
Train Loss: 1.7727e+00 | Val Loss: 1.8562e+00
Train Accuracy: 0.4977 | Val Accuracy: 0.4180
--------------------------------
--- Epoch 8/100 ---
  Batch 10/100 – Loss: 1.7719e+00
  Batch 20/100 – Loss: 1.6446e+00
  Batch 30/100 – Loss: 1.6816e+00
  Batch 40/100 – Loss: 1.6868e+00
  Batch 50/100 – Loss: 1.7742e+00
  Batch 60/100 – Loss: 1.6878e+00
  Batch 70/100 – Loss: 1.7870e+00
  Batch 80/100 – Loss: 1.7193e+00
  Batch 90/100 – Loss: 1.6911e+00
  Batch 100/100 – Loss: 1.7384e+00
Train Loss: 1.7412e+00 | Val Loss: 1.8292e+00
Train Accuracy: 0.5298 | Val Accuracy: 0.4456
--------------------------------
--- Epoch 9/100 ---
  Batch 10/100 – Loss: 1.6743e+00
  Batch 20/100 – Loss: 1.7523e+00
  Batch 30/100 – Loss: 1.7024e+00
  Batch 40/100 – Loss: 1.7236e+00
  Batch 50/100 – Loss: 1.7244e+00
  Batch 60/100 – Loss: 1.8436e+00
  Batch 70/100 – Loss: 1.7068e+00
  Batch 80/100 – Loss: 1.6556e+00
  Batch 90/100 – Loss: 1.6280e+00
  Batch 100/100 – Loss: 1.6925e+00
Train Loss: 1.7282e+00 | Val Loss: 1.8082e+00
Train Accuracy: 0.5416 | Val Accuracy: 0.4631
--------------------------------
--- Epoch 10/100 ---
  Batch 10/100 – Loss: 1.6030e+00
  Batch 20/100 – Loss: 1.6096e+00
  Batch 30/100 – Loss: 1.6643e+00
  Batch 40/100 – Loss: 1.6163e+00
  Batch 50/100 – Loss: 1.7052e+00
  Batch 60/100 – Loss: 1.6914e+00
  Batch 70/100 – Loss: 1.6504e+00
  Batch 80/100 – Loss: 1.6994e+00
  Batch 90/100 – Loss: 1.6542e+00
  Batch 100/100 – Loss: 1.7094e+00
Train Loss: 1.7000e+00 | Val Loss: 1.8003e+00
Train Accuracy: 0.5737 | Val Accuracy: 0.4706
--------------------------------
--- Epoch 11/100 ---
  Batch 10/100 – Loss: 1.7247e+00
  Batch 20/100 – Loss: 1.6465e+00
  Batch 30/100 – Loss: 1.7211e+00
  Batch 40/100 – Loss: 1.7090e+00
  Batch 50/100 – Loss: 1.6973e+00
  Batch 60/100 – Loss: 1.6639e+00
  Batch 70/100 – Loss: 1.6361e+00
  Batch 80/100 – Loss: 1.5504e+00
  Batch 90/100 – Loss: 1.6409e+00
  Batch 100/100 – Loss: 1.6121e+00
Train Loss: 1.6543e+00 | Val Loss: 1.7990e+00
Train Accuracy: 0.6179 | Val Accuracy: 0.4743
--------------------------------
--- Epoch 12/100 ---
  Batch 10/100 – Loss: 1.7046e+00
  Batch 20/100 – Loss: 1.5478e+00
  Batch 30/100 – Loss: 1.7675e+00
  Batch 40/100 – Loss: 1.6672e+00
  Batch 50/100 – Loss: 1.5445e+00
  Batch 60/100 – Loss: 1.6853e+00
  Batch 70/100 – Loss: 1.5508e+00
  Batch 80/100 – Loss: 1.6462e+00
  Batch 90/100 – Loss: 1.6750e+00
  Batch 100/100 – Loss: 1.5569e+00
Train Loss: 1.6392e+00 | Val Loss: 1.7993e+00
Train Accuracy: 0.6337 | Val Accuracy: 0.4693
--------------------------------
--- Epoch 13/100 ---
  Batch 10/100 – Loss: 1.5383e+00
  Batch 20/100 – Loss: 1.5863e+00
  Batch 30/100 – Loss: 1.6508e+00
  Batch 40/100 – Loss: 1.6337e+00
  Batch 50/100 – Loss: 1.7025e+00
  Batch 60/100 – Loss: 1.6406e+00
  Batch 70/100 – Loss: 1.5564e+00
  Batch 80/100 – Loss: 1.6792e+00
  Batch 90/100 – Loss: 1.5941e+00
  Batch 100/100 – Loss: 1.5148e+00
Train Loss: 1.6305e+00 | Val Loss: 1.7984e+00
Train Accuracy: 0.6467 | Val Accuracy: 0.4718
--------------------------------
--- Epoch 14/100 ---
  Batch 10/100 – Loss: 1.6607e+00
  Batch 20/100 – Loss: 1.6710e+00
  Batch 30/100 – Loss: 1.5932e+00
  Batch 40/100 – Loss: 1.5999e+00
  Batch 50/100 – Loss: 1.6848e+00
  Batch 60/100 – Loss: 1.5603e+00
  Batch 70/100 – Loss: 1.6044e+00
  Batch 80/100 – Loss: 1.6335e+00
  Batch 90/100 – Loss: 1.6550e+00
  Batch 100/100 – Loss: 1.6272e+00
Train Loss: 1.6248e+00 | Val Loss: 1.7941e+00
Train Accuracy: 0.6514 | Val Accuracy: 0.4731
--------------------------------
--- Epoch 15/100 ---
  Batch 10/100 – Loss: 1.5667e+00
  Batch 20/100 – Loss: 1.6451e+00
  Batch 30/100 – Loss: 1.6762e+00
  Batch 40/100 – Loss: 1.5824e+00
  Batch 50/100 – Loss: 1.6726e+00
  Batch 60/100 – Loss: 1.6036e+00
  Batch 70/100 – Loss: 1.5248e+00
  Batch 80/100 – Loss: 1.7005e+00
  Batch 90/100 – Loss: 1.6497e+00
  Batch 100/100 – Loss: 1.6099e+00
Train Loss: 1.6213e+00 | Val Loss: 1.7961e+00
Train Accuracy: 0.6535 | Val Accuracy: 0.4793
--------------------------------
--- Epoch 16/100 ---
  Batch 10/100 – Loss: 1.6396e+00
  Batch 20/100 – Loss: 1.5727e+00
  Batch 30/100 – Loss: 1.6523e+00
  Batch 40/100 – Loss: 1.6701e+00
  Batch 50/100 – Loss: 1.6177e+00
  Batch 60/100 – Loss: 1.5452e+00
  Batch 70/100 – Loss: 1.5440e+00
  Batch 80/100 – Loss: 1.6385e+00
  Batch 90/100 – Loss: 1.6442e+00
  Batch 100/100 – Loss: 1.5435e+00
Train Loss: 1.6181e+00 | Val Loss: 1.7900e+00
Train Accuracy: 0.6587 | Val Accuracy: 0.4806
--------------------------------
--- Epoch 17/100 ---
  Batch 10/100 – Loss: 1.6080e+00
  Batch 20/100 – Loss: 1.5049e+00
  Batch 30/100 – Loss: 1.5200e+00
  Batch 40/100 – Loss: 1.6100e+00
  Batch 50/100 – Loss: 1.6487e+00
  Batch 60/100 – Loss: 1.6579e+00
  Batch 70/100 – Loss: 1.6846e+00
  Batch 80/100 – Loss: 1.6768e+00
  Batch 90/100 – Loss: 1.6361e+00
  Batch 100/100 – Loss: 1.6183e+00
Train Loss: 1.6126e+00 | Val Loss: 1.7960e+00
Train Accuracy: 0.6643 | Val Accuracy: 0.4743
--------------------------------
--- Epoch 18/100 ---
  Batch 10/100 – Loss: 1.6719e+00
  Batch 20/100 – Loss: 1.6453e+00
  Batch 30/100 – Loss: 1.5641e+00
  Batch 40/100 – Loss: 1.4964e+00
  Batch 50/100 – Loss: 1.6017e+00
  Batch 60/100 – Loss: 1.7449e+00
  Batch 70/100 – Loss: 1.6503e+00
  Batch 80/100 – Loss: 1.4953e+00
  Batch 90/100 – Loss: 1.6427e+00
  Batch 100/100 – Loss: 1.6346e+00
Train Loss: 1.6052e+00 | Val Loss: 1.7920e+00
Train Accuracy: 0.6724 | Val Accuracy: 0.4819
--------------------------------
--- Epoch 19/100 ---
  Batch 10/100 – Loss: 1.5814e+00
  Batch 20/100 – Loss: 1.6703e+00
  Batch 30/100 – Loss: 1.4702e+00
  Batch 40/100 – Loss: 1.5602e+00
  Batch 50/100 – Loss: 1.5789e+00
  Batch 60/100 – Loss: 1.6176e+00
  Batch 70/100 – Loss: 1.5125e+00
  Batch 80/100 – Loss: 1.6345e+00
  Batch 90/100 – Loss: 1.5146e+00
  Batch 100/100 – Loss: 1.6676e+00
Train Loss: 1.6036e+00 | Val Loss: 1.7935e+00
Train Accuracy: 0.6754 | Val Accuracy: 0.4756
--------------------------------
--- Epoch 20/100 ---
  Batch 10/100 – Loss: 1.6420e+00
  Batch 20/100 – Loss: 1.4885e+00
  Batch 30/100 – Loss: 1.5676e+00
  Batch 40/100 – Loss: 1.6209e+00
  Batch 50/100 – Loss: 1.5815e+00
  Batch 60/100 – Loss: 1.5137e+00
  Batch 70/100 – Loss: 1.6230e+00
  Batch 80/100 – Loss: 1.6081e+00
  Batch 90/100 – Loss: 1.6942e+00
  Batch 100/100 – Loss: 1.4755e+00
Train Loss: 1.5977e+00 | Val Loss: 1.7922e+00
Train Accuracy: 0.6809 | Val Accuracy: 0.4831
--------------------------------
--- Epoch 21/100 ---
  Batch 10/100 – Loss: 1.5790e+00
  Batch 20/100 – Loss: 1.5621e+00
  Batch 30/100 – Loss: 1.6301e+00
  Batch 40/100 – Loss: 1.6616e+00
  Batch 50/100 – Loss: 1.6441e+00
  Batch 60/100 – Loss: 1.5647e+00
  Batch 70/100 – Loss: 1.6131e+00
  Batch 80/100 – Loss: 1.6781e+00
  Batch 90/100 – Loss: 1.4972e+00
  Batch 100/100 – Loss: 1.5953e+00
Train Loss: 1.5918e+00 | Val Loss: 1.7951e+00
Train Accuracy: 0.6845 | Val Accuracy: 0.4756
--------------------------------
--- Epoch 22/100 ---
  Batch 10/100 – Loss: 1.6717e+00
  Batch 20/100 – Loss: 1.5316e+00
  Batch 30/100 – Loss: 1.5603e+00
  Batch 40/100 – Loss: 1.6251e+00
  Batch 50/100 – Loss: 1.5803e+00
  Batch 60/100 – Loss: 1.5994e+00
  Batch 70/100 – Loss: 1.6255e+00
  Batch 80/100 – Loss: 1.6224e+00
  Batch 90/100 – Loss: 1.5352e+00
  Batch 100/100 – Loss: 1.5770e+00
Train Loss: 1.5913e+00 | Val Loss: 1.7944e+00
Train Accuracy: 0.6870 | Val Accuracy: 0.4743
--------------------------------
--- Epoch 23/100 ---
  Batch 10/100 – Loss: 1.5632e+00
  Batch 20/100 – Loss: 1.4786e+00
  Batch 30/100 – Loss: 1.4818e+00
  Batch 40/100 – Loss: 1.5011e+00
  Batch 50/100 – Loss: 1.5758e+00
  Batch 60/100 – Loss: 1.5454e+00
  Batch 70/100 – Loss: 1.6293e+00
  Batch 80/100 – Loss: 1.5580e+00
  Batch 90/100 – Loss: 1.5486e+00
  Batch 100/100 – Loss: 1.6014e+00
Train Loss: 1.5924e+00 | Val Loss: 1.7947e+00
Train Accuracy: 0.6837 | Val Accuracy: 0.4781
--------------------------------
--- Epoch 24/100 ---
  Batch 10/100 – Loss: 1.5565e+00
  Batch 20/100 – Loss: 1.5508e+00
  Batch 30/100 – Loss: 1.5767e+00
  Batch 40/100 – Loss: 1.5655e+00
  Batch 50/100 – Loss: 1.6233e+00
  Batch 60/100 – Loss: 1.6195e+00
  Batch 70/100 – Loss: 1.6084e+00
  Batch 80/100 – Loss: 1.6015e+00
  Batch 90/100 – Loss: 1.6785e+00
  Batch 100/100 – Loss: 1.5472e+00
Train Loss: 1.5887e+00 | Val Loss: 1.7940e+00
Train Accuracy: 0.6892 | Val Accuracy: 0.4793
--------------------------------
--- Epoch 25/100 ---
  Batch 10/100 – Loss: 1.5482e+00
  Batch 20/100 – Loss: 1.7035e+00
  Batch 30/100 – Loss: 1.6185e+00
  Batch 40/100 – Loss: 1.5339e+00
  Batch 50/100 – Loss: 1.5816e+00
  Batch 60/100 – Loss: 1.6104e+00
  Batch 70/100 – Loss: 1.5474e+00
  Batch 80/100 – Loss: 1.6378e+00
  Batch 90/100 – Loss: 1.5700e+00
  Batch 100/100 – Loss: 1.5991e+00
Train Loss: 1.5911e+00 | Val Loss: 1.7946e+00
Train Accuracy: 0.6865 | Val Accuracy: 0.4806
--------------------------------
--- Epoch 26/100 ---
  Batch 10/100 – Loss: 1.5650e+00
  Batch 20/100 – Loss: 1.5866e+00
  Batch 30/100 – Loss: 1.5695e+00
  Batch 40/100 – Loss: 1.6301e+00
  Batch 50/100 – Loss: 1.5264e+00
  Batch 60/100 – Loss: 1.4756e+00
  Batch 70/100 – Loss: 1.6141e+00
  Batch 80/100 – Loss: 1.6374e+00
  Batch 90/100 – Loss: 1.4853e+00
  Batch 100/100 – Loss: 1.5627e+00
Train Loss: 1.5883e+00 | Val Loss: 1.7937e+00
Train Accuracy: 0.6909 | Val Accuracy: 0.4743
--------------------------------
--- Epoch 27/100 ---
  Batch 10/100 – Loss: 1.7060e+00
  Batch 20/100 – Loss: 1.6499e+00
  Batch 30/100 – Loss: 1.6189e+00
  Batch 40/100 – Loss: 1.5461e+00
  Batch 50/100 – Loss: 1.5273e+00
  Batch 60/100 – Loss: 1.6453e+00
  Batch 70/100 – Loss: 1.6486e+00
  Batch 80/100 – Loss: 1.5298e+00
  Batch 90/100 – Loss: 1.5046e+00
  Batch 100/100 – Loss: 1.5853e+00
Train Loss: 1.5890e+00 | Val Loss: 1.7951e+00
Train Accuracy: 0.6895 | Val Accuracy: 0.4731
--------------------------------
--- Epoch 28/100 ---
  Batch 10/100 – Loss: 1.6149e+00
  Batch 20/100 – Loss: 1.5893e+00
  Batch 30/100 – Loss: 1.6269e+00
  Batch 40/100 – Loss: 1.5394e+00
  Batch 50/100 – Loss: 1.5965e+00
  Batch 60/100 – Loss: 1.6566e+00
  Batch 70/100 – Loss: 1.6238e+00
  Batch 80/100 – Loss: 1.5571e+00
  Batch 90/100 – Loss: 1.5016e+00
  Batch 100/100 – Loss: 1.6015e+00
Train Loss: 1.5889e+00 | Val Loss: 1.7947e+00
Train Accuracy: 0.6868 | Val Accuracy: 0.4768
--------------------------------
--- Epoch 29/100 ---
  Batch 10/100 – Loss: 1.6202e+00
  Batch 20/100 – Loss: 1.5694e+00
  Batch 30/100 – Loss: 1.6508e+00
  Batch 40/100 – Loss: 1.5801e+00
  Batch 50/100 – Loss: 1.5392e+00
  Batch 60/100 – Loss: 1.5506e+00
  Batch 70/100 – Loss: 1.5919e+00
  Batch 80/100 – Loss: 1.5398e+00
  Batch 90/100 – Loss: 1.6267e+00
  Batch 100/100 – Loss: 1.5567e+00
Train Loss: 1.5878e+00 | Val Loss: 1.7943e+00
Train Accuracy: 0.6893 | Val Accuracy: 0.4768
--------------------------------
--- Epoch 30/100 ---
  Batch 10/100 – Loss: 1.6544e+00
  Batch 20/100 – Loss: 1.6313e+00
  Batch 30/100 – Loss: 1.6232e+00
  Batch 40/100 – Loss: 1.5924e+00
  Batch 50/100 – Loss: 1.6053e+00
  Batch 60/100 – Loss: 1.5142e+00
  Batch 70/100 – Loss: 1.6129e+00
  Batch 80/100 – Loss: 1.6182e+00
  Batch 90/100 – Loss: 1.5925e+00
  Batch 100/100 – Loss: 1.6623e+00
Train Loss: 1.5863e+00 | Val Loss: 1.7945e+00
Train Accuracy: 0.6918 | Val Accuracy: 0.4768
--------------------------------
--- Epoch 31/100 ---
  Batch 10/100 – Loss: 1.6254e+00
  Batch 20/100 – Loss: 1.6438e+00
  Batch 30/100 – Loss: 1.6658e+00
  Batch 40/100 – Loss: 1.5596e+00
  Batch 50/100 – Loss: 1.6185e+00
  Batch 60/100 – Loss: 1.4885e+00
  Batch 70/100 – Loss: 1.6960e+00
  Batch 80/100 – Loss: 1.6287e+00
  Batch 90/100 – Loss: 1.4964e+00
  Batch 100/100 – Loss: 1.5646e+00
Train Loss: 1.5880e+00 | Val Loss: 1.7946e+00
Train Accuracy: 0.6896 | Val Accuracy: 0.4756
--------------------------------
--- Epoch 32/100 ---
  Batch 10/100 – Loss: 1.6155e+00
  Batch 20/100 – Loss: 1.5491e+00
  Batch 30/100 – Loss: 1.6772e+00
  Batch 40/100 – Loss: 1.5121e+00
  Batch 50/100 – Loss: 1.6282e+00
  Batch 60/100 – Loss: 1.5638e+00
  Batch 70/100 – Loss: 1.5874e+00
  Batch 80/100 – Loss: 1.6032e+00
  Batch 90/100 – Loss: 1.4781e+00
  Batch 100/100 – Loss: 1.7388e+00
Train Loss: 1.5862e+00 | Val Loss: 1.7946e+00
Train Accuracy: 0.6912 | Val Accuracy: 0.4756
--------------------------------
--- Epoch 33/100 ---
  Batch 10/100 – Loss: 1.5561e+00
  Batch 20/100 – Loss: 1.4812e+00
  Batch 30/100 – Loss: 1.6626e+00
  Batch 40/100 – Loss: 1.5883e+00
  Batch 50/100 – Loss: 1.5745e+00
  Batch 60/100 – Loss: 1.5062e+00
  Batch 70/100 – Loss: 1.5171e+00
  Batch 80/100 – Loss: 1.5945e+00
  Batch 90/100 – Loss: 1.4713e+00
  Batch 100/100 – Loss: 1.6574e+00
Train Loss: 1.5866e+00 | Val Loss: 1.7947e+00
Train Accuracy: 0.6914 | Val Accuracy: 0.4768
--------------------------------
--- Epoch 34/100 ---
  Batch 10/100 – Loss: 1.5905e+00
  Batch 20/100 – Loss: 1.6062e+00
  Batch 30/100 – Loss: 1.5275e+00
  Batch 40/100 – Loss: 1.6773e+00
  Batch 50/100 – Loss: 1.6447e+00
  Batch 60/100 – Loss: 1.5831e+00
  Batch 70/100 – Loss: 1.6299e+00
  Batch 80/100 – Loss: 1.6776e+00
  Batch 90/100 – Loss: 1.4747e+00
  Batch 100/100 – Loss: 1.6283e+00
Train Loss: 1.5857e+00 | Val Loss: 1.7947e+00
Train Accuracy: 0.6915 | Val Accuracy: 0.4768
--------------------------------
--- Epoch 35/100 ---
  Batch 10/100 – Loss: 1.5814e+00
  Batch 20/100 – Loss: 1.5864e+00
  Batch 30/100 – Loss: 1.6440e+00
  Batch 40/100 – Loss: 1.6620e+00
  Batch 50/100 – Loss: 1.6804e+00
  Batch 60/100 – Loss: 1.5507e+00
  Batch 70/100 – Loss: 1.6047e+00
  Batch 80/100 – Loss: 1.5344e+00
  Batch 90/100 – Loss: 1.6782e+00
  Batch 100/100 – Loss: 1.5111e+00
Train Loss: 1.5863e+00 | Val Loss: 1.7946e+00
Train Accuracy: 0.6931 | Val Accuracy: 0.4768
--------------------------------
--- Epoch 36/100 ---
  Batch 10/100 – Loss: 1.5726e+00
  Batch 20/100 – Loss: 1.4817e+00
  Batch 30/100 – Loss: 1.5371e+00
  Batch 40/100 – Loss: 1.5707e+00
  Batch 50/100 – Loss: 1.5899e+00
  Batch 60/100 – Loss: 1.5995e+00
  Batch 70/100 – Loss: 1.5181e+00
  Batch 80/100 – Loss: 1.5982e+00
  Batch 90/100 – Loss: 1.5719e+00
  Batch 100/100 – Loss: 1.6400e+00
Train Loss: 1.5883e+00 | Val Loss: 1.7944e+00
Train Accuracy: 0.6890 | Val Accuracy: 0.4768
--------------------------------
--- Epoch 37/100 ---
  Batch 10/100 – Loss: 1.6999e+00
  Batch 20/100 – Loss: 1.6127e+00
  Batch 30/100 – Loss: 1.4987e+00
  Batch 40/100 – Loss: 1.5268e+00
  Batch 50/100 – Loss: 1.7036e+00
  Batch 60/100 – Loss: 1.5328e+00
  Batch 70/100 – Loss: 1.6905e+00
  Batch 80/100 – Loss: 1.6417e+00
  Batch 90/100 – Loss: 1.6361e+00
  Batch 100/100 – Loss: 1.5157e+00
Train Loss: 1.5866e+00 | Val Loss: 1.7944e+00
Train Accuracy: 0.6904 | Val Accuracy: 0.4768
--------------------------------
--- Epoch 38/100 ---
  Batch 10/100 – Loss: 1.6690e+00
  Batch 20/100 – Loss: 1.5148e+00
  Batch 30/100 – Loss: 1.6662e+00
  Batch 40/100 – Loss: 1.5935e+00
  Batch 50/100 – Loss: 1.6816e+00
  Batch 60/100 – Loss: 1.6345e+00
  Batch 70/100 – Loss: 1.5613e+00
  Batch 80/100 – Loss: 1.5624e+00
  Batch 90/100 – Loss: 1.5627e+00
  Batch 100/100 – Loss: 1.5289e+00
Train Loss: 1.5872e+00 | Val Loss: 1.7944e+00
Train Accuracy: 0.6915 | Val Accuracy: 0.4768
--------------------------------
--- Epoch 39/100 ---
  Batch 10/100 – Loss: 1.5409e+00
  Batch 20/100 – Loss: 1.6516e+00
  Batch 30/100 – Loss: 1.5843e+00
  Batch 40/100 – Loss: 1.5997e+00
  Batch 50/100 – Loss: 1.6018e+00
  Batch 60/100 – Loss: 1.7143e+00
  Batch 70/100 – Loss: 1.4734e+00
  Batch 80/100 – Loss: 1.5087e+00
  Batch 90/100 – Loss: 1.6429e+00
  Batch 100/100 – Loss: 1.6419e+00
Train Loss: 1.5889e+00 | Val Loss: 1.7944e+00
Train Accuracy: 0.6895 | Val Accuracy: 0.4768
--------------------------------
--- Epoch 40/100 ---
  Batch 10/100 – Loss: 1.6335e+00
  Batch 20/100 – Loss: 1.6130e+00
  Batch 30/100 – Loss: 1.6078e+00
  Batch 40/100 – Loss: 1.6548e+00
  Batch 50/100 – Loss: 1.5181e+00
  Batch 60/100 – Loss: 1.6037e+00
  Batch 70/100 – Loss: 1.5820e+00
  Batch 80/100 – Loss: 1.5682e+00
  Batch 90/100 – Loss: 1.5656e+00
  Batch 100/100 – Loss: 1.5942e+00
Train Loss: 1.5853e+00 | Val Loss: 1.7943e+00
Train Accuracy: 0.6923 | Val Accuracy: 0.4781
--------------------------------
--- Epoch 41/100 ---
  Batch 10/100 – Loss: 1.5358e+00
  Batch 20/100 – Loss: 1.5355e+00
  Batch 30/100 – Loss: 1.5706e+00
  Batch 40/100 – Loss: 1.6287e+00
  Batch 50/100 – Loss: 1.5645e+00
  Batch 60/100 – Loss: 1.5456e+00
  Batch 70/100 – Loss: 1.5430e+00
  Batch 80/100 – Loss: 1.6304e+00
  Batch 90/100 – Loss: 1.5423e+00
  Batch 100/100 – Loss: 1.6354e+00
Train Loss: 1.5877e+00 | Val Loss: 1.7943e+00
Train Accuracy: 0.6906 | Val Accuracy: 0.4781
--------------------------------
--- Epoch 42/100 ---
  Batch 10/100 – Loss: 1.6501e+00
  Batch 20/100 – Loss: 1.6491e+00
  Batch 30/100 – Loss: 1.5695e+00
  Batch 40/100 – Loss: 1.6112e+00
  Batch 50/100 – Loss: 1.6194e+00
  Batch 60/100 – Loss: 1.6601e+00
  Batch 70/100 – Loss: 1.6382e+00
  Batch 80/100 – Loss: 1.5409e+00
  Batch 90/100 – Loss: 1.5138e+00
  Batch 100/100 – Loss: 1.5646e+00
Train Loss: 1.5851e+00 | Val Loss: 1.7943e+00
Train Accuracy: 0.6926 | Val Accuracy: 0.4781
--------------------------------
--- Epoch 43/100 ---
  Batch 10/100 – Loss: 1.5914e+00
  Batch 20/100 – Loss: 1.6407e+00
  Batch 30/100 – Loss: 1.5591e+00
  Batch 40/100 – Loss: 1.6191e+00
  Batch 50/100 – Loss: 1.6297e+00
  Batch 60/100 – Loss: 1.5967e+00
  Batch 70/100 – Loss: 1.6201e+00
  Batch 80/100 – Loss: 1.5775e+00
  Batch 90/100 – Loss: 1.5784e+00
  Batch 100/100 – Loss: 1.5840e+00
Train Loss: 1.5875e+00 | Val Loss: 1.7943e+00
Train Accuracy: 0.6904 | Val Accuracy: 0.4781
--------------------------------
--- Epoch 44/100 ---
  Batch 10/100 – Loss: 1.6935e+00
  Batch 20/100 – Loss: 1.6334e+00
  Batch 30/100 – Loss: 1.6942e+00
  Batch 40/100 – Loss: 1.4346e+00
  Batch 50/100 – Loss: 1.5249e+00
  Batch 60/100 – Loss: 1.5507e+00
  Batch 70/100 – Loss: 1.5894e+00
  Batch 80/100 – Loss: 1.6251e+00
  Batch 90/100 – Loss: 1.5296e+00
  Batch 100/100 – Loss: 1.5605e+00
Train Loss: 1.5868e+00 | Val Loss: 1.7943e+00
Train Accuracy: 0.6895 | Val Accuracy: 0.4781
--------------------------------
--- Epoch 45/100 ---
  Batch 10/100 – Loss: 1.5476e+00
  Batch 20/100 – Loss: 1.5431e+00
  Batch 30/100 – Loss: 1.6995e+00
  Batch 40/100 – Loss: 1.6148e+00
  Batch 50/100 – Loss: 1.5440e+00
  Batch 60/100 – Loss: 1.5555e+00
  Batch 70/100 – Loss: 1.5738e+00
  Batch 80/100 – Loss: 1.5756e+00
  Batch 90/100 – Loss: 1.5864e+00
  Batch 100/100 – Loss: 1.6348e+00
Train Loss: 1.5869e+00 | Val Loss: 1.7943e+00
Train Accuracy: 0.6914 | Val Accuracy: 0.4781
--------------------------------
--- Epoch 46/100 ---
  Batch 10/100 – Loss: 1.5215e+00
  Batch 20/100 – Loss: 1.7061e+00
  Batch 30/100 – Loss: 1.5935e+00
  Batch 40/100 – Loss: 1.6703e+00
  Batch 50/100 – Loss: 1.6034e+00
  Batch 60/100 – Loss: 1.6536e+00
  Batch 70/100 – Loss: 1.6682e+00
  Batch 80/100 – Loss: 1.7150e+00
  Batch 90/100 – Loss: 1.5972e+00
  Batch 100/100 – Loss: 1.5119e+00
Train Loss: 1.5887e+00 | Val Loss: 1.7943e+00
Train Accuracy: 0.6871 | Val Accuracy: 0.4781
--------------------------------
--- Epoch 47/100 ---
  Batch 10/100 – Loss: 1.5884e+00
  Batch 20/100 – Loss: 1.6115e+00
  Batch 30/100 – Loss: 1.4568e+00
  Batch 40/100 – Loss: 1.6358e+00
  Batch 50/100 – Loss: 1.5716e+00
  Batch 60/100 – Loss: 1.6307e+00
  Batch 70/100 – Loss: 1.5769e+00
  Batch 80/100 – Loss: 1.6220e+00
  Batch 90/100 – Loss: 1.5986e+00
  Batch 100/100 – Loss: 1.6503e+00
Train Loss: 1.5861e+00 | Val Loss: 1.7943e+00
Train Accuracy: 0.6921 | Val Accuracy: 0.4781
--------------------------------
--- Epoch 48/100 ---
  Batch 10/100 – Loss: 1.6605e+00
  Batch 20/100 – Loss: 1.5386e+00
  Batch 30/100 – Loss: 1.5620e+00
  Batch 40/100 – Loss: 1.5742e+00
  Batch 50/100 – Loss: 1.7064e+00
  Batch 60/100 – Loss: 1.5694e+00
  Batch 70/100 – Loss: 1.5440e+00
  Batch 80/100 – Loss: 1.5256e+00
  Batch 90/100 – Loss: 1.5466e+00
  Batch 100/100 – Loss: 1.5535e+00
Train Loss: 1.5866e+00 | Val Loss: 1.7943e+00
Train Accuracy: 0.6898 | Val Accuracy: 0.4781
--------------------------------
--- Epoch 49/100 ---
  Batch 10/100 – Loss: 1.7532e+00
  Batch 20/100 – Loss: 1.5306e+00
  Batch 30/100 – Loss: 1.5634e+00
  Batch 40/100 – Loss: 1.6366e+00
  Batch 50/100 – Loss: 1.5506e+00
  Batch 60/100 – Loss: 1.6319e+00
  Batch 70/100 – Loss: 1.5664e+00
  Batch 80/100 – Loss: 1.5992e+00
  Batch 90/100 – Loss: 1.6250e+00
  Batch 100/100 – Loss: 1.5578e+00
Train Loss: 1.5872e+00 | Val Loss: 1.7943e+00
Train Accuracy: 0.6904 | Val Accuracy: 0.4781
--------------------------------
--- Epoch 50/100 ---
  Batch 10/100 – Loss: 1.7091e+00
  Batch 20/100 – Loss: 1.6676e+00
  Batch 30/100 – Loss: 1.5041e+00
  Batch 40/100 – Loss: 1.5987e+00
  Batch 50/100 – Loss: 1.5796e+00
  Batch 60/100 – Loss: 1.6242e+00
  Batch 70/100 – Loss: 1.5966e+00
  Batch 80/100 – Loss: 1.5585e+00
  Batch 90/100 – Loss: 1.6286e+00
  Batch 100/100 – Loss: 1.6154e+00
Train Loss: 1.5872e+00 | Val Loss: 1.7943e+00
Train Accuracy: 0.6904 | Val Accuracy: 0.4781
--------------------------------
--- Epoch 51/100 ---
  Batch 10/100 – Loss: 1.5805e+00
  Batch 20/100 – Loss: 1.5811e+00
  Batch 30/100 – Loss: 1.6639e+00
  Batch 40/100 – Loss: 1.5932e+00
  Batch 50/100 – Loss: 1.6367e+00
  Batch 60/100 – Loss: 1.6913e+00
  Batch 70/100 – Loss: 1.6174e+00
  Batch 80/100 – Loss: 1.5768e+00
  Batch 90/100 – Loss: 1.6235e+00
  Batch 100/100 – Loss: 1.6263e+00
Train Loss: 1.5854e+00 | Val Loss: 1.7943e+00
Train Accuracy: 0.6914 | Val Accuracy: 0.4781
--------------------------------
--- Epoch 52/100 ---
  Batch 10/100 – Loss: 1.6251e+00
  Batch 20/100 – Loss: 1.6363e+00
  Batch 30/100 – Loss: 1.5916e+00
  Batch 40/100 – Loss: 1.6931e+00
  Batch 50/100 – Loss: 1.5728e+00
  Batch 60/100 – Loss: 1.6239e+00
  Batch 70/100 – Loss: 1.5096e+00
  Batch 80/100 – Loss: 1.5862e+00
  Batch 90/100 – Loss: 1.6147e+00
  Batch 100/100 – Loss: 1.5960e+00
Train Loss: 1.5875e+00 | Val Loss: 1.7943e+00
Train Accuracy: 0.6904 | Val Accuracy: 0.4781
--------------------------------
--- Epoch 53/100 ---
  Batch 10/100 – Loss: 1.5121e+00
  Batch 20/100 – Loss: 1.6395e+00
  Batch 30/100 – Loss: 1.5985e+00
  Batch 40/100 – Loss: 1.6638e+00
  Batch 50/100 – Loss: 1.6397e+00
  Batch 60/100 – Loss: 1.6358e+00
  Batch 70/100 – Loss: 1.5984e+00
  Batch 80/100 – Loss: 1.5796e+00
  Batch 90/100 – Loss: 1.5867e+00
  Batch 100/100 – Loss: 1.5050e+00
Train Loss: 1.5866e+00 | Val Loss: 1.7943e+00
Train Accuracy: 0.6918 | Val Accuracy: 0.4781
--------------------------------
--- Epoch 54/100 ---
  Batch 10/100 – Loss: 1.5723e+00
  Batch 20/100 – Loss: 1.5154e+00
  Batch 30/100 – Loss: 1.5159e+00
  Batch 40/100 – Loss: 1.5675e+00
  Batch 50/100 – Loss: 1.4824e+00
  Batch 60/100 – Loss: 1.6003e+00
  Batch 70/100 – Loss: 1.5531e+00
  Batch 80/100 – Loss: 1.6452e+00
  Batch 90/100 – Loss: 1.5746e+00
  Batch 100/100 – Loss: 1.5193e+00
Train Loss: 1.5883e+00 | Val Loss: 1.7943e+00
Train Accuracy: 0.6903 | Val Accuracy: 0.4781
--------------------------------
--- Epoch 55/100 ---
  Batch 10/100 – Loss: 1.6901e+00
  Batch 20/100 – Loss: 1.5628e+00
  Batch 30/100 – Loss: 1.5595e+00
  Batch 40/100 – Loss: 1.5741e+00
  Batch 50/100 – Loss: 1.6534e+00
  Batch 60/100 – Loss: 1.5549e+00
  Batch 70/100 – Loss: 1.5729e+00
  Batch 80/100 – Loss: 1.5592e+00
  Batch 90/100 – Loss: 1.5510e+00
  Batch 100/100 – Loss: 1.5300e+00
Train Loss: 1.5860e+00 | Val Loss: 1.7943e+00
Train Accuracy: 0.6917 | Val Accuracy: 0.4781
--------------------------------
--- Epoch 56/100 ---
  Batch 10/100 – Loss: 1.5760e+00
  Batch 20/100 – Loss: 1.5675e+00
  Batch 30/100 – Loss: 1.5499e+00
  Batch 40/100 – Loss: 1.5934e+00
  Batch 50/100 – Loss: 1.6718e+00
  Batch 60/100 – Loss: 1.5190e+00
  Batch 70/100 – Loss: 1.5076e+00
  Batch 80/100 – Loss: 1.5067e+00
  Batch 90/100 – Loss: 1.4819e+00
  Batch 100/100 – Loss: 1.5475e+00
Train Loss: 1.5860e+00 | Val Loss: 1.7943e+00
Train Accuracy: 0.6923 | Val Accuracy: 0.4781
--------------------------------
--- Epoch 57/100 ---
  Batch 10/100 – Loss: 1.5416e+00
  Batch 20/100 – Loss: 1.5901e+00
  Batch 30/100 – Loss: 1.6824e+00
  Batch 40/100 – Loss: 1.6051e+00
  Batch 50/100 – Loss: 1.6395e+00
  Batch 60/100 – Loss: 1.5210e+00
  Batch 70/100 – Loss: 1.5772e+00
  Batch 80/100 – Loss: 1.6095e+00
  Batch 90/100 – Loss: 1.4520e+00
  Batch 100/100 – Loss: 1.5694e+00
Train Loss: 1.5870e+00 | Val Loss: 1.7943e+00
Train Accuracy: 0.6904 | Val Accuracy: 0.4781
--------------------------------
--- Epoch 58/100 ---
  Batch 10/100 – Loss: 1.5200e+00
  Batch 20/100 – Loss: 1.6259e+00
  Batch 30/100 – Loss: 1.6537e+00
  Batch 40/100 – Loss: 1.6749e+00
  Batch 50/100 – Loss: 1.4569e+00
  Batch 60/100 – Loss: 1.5714e+00
  Batch 70/100 – Loss: 1.6534e+00
  Batch 80/100 – Loss: 1.5763e+00
  Batch 90/100 – Loss: 1.5524e+00
  Batch 100/100 – Loss: 1.5920e+00
Train Loss: 1.5882e+00 | Val Loss: 1.7943e+00
Train Accuracy: 0.6903 | Val Accuracy: 0.4781
--------------------------------
--- Epoch 59/100 ---
  Batch 10/100 – Loss: 1.6934e+00
  Batch 20/100 – Loss: 1.5592e+00
  Batch 30/100 – Loss: 1.5331e+00
  Batch 40/100 – Loss: 1.5604e+00
  Batch 50/100 – Loss: 1.6061e+00
  Batch 60/100 – Loss: 1.5497e+00
  Batch 70/100 – Loss: 1.5444e+00
  Batch 80/100 – Loss: 1.6693e+00
  Batch 90/100 – Loss: 1.6002e+00
  Batch 100/100 – Loss: 1.5891e+00
Train Loss: 1.5860e+00 | Val Loss: 1.7943e+00
Train Accuracy: 0.6935 | Val Accuracy: 0.4781
--------------------------------
--- Epoch 60/100 ---
  Batch 10/100 – Loss: 1.6447e+00
  Batch 20/100 – Loss: 1.5791e+00
  Batch 30/100 – Loss: 1.5191e+00
  Batch 40/100 – Loss: 1.6006e+00
  Batch 50/100 – Loss: 1.5709e+00
  Batch 60/100 – Loss: 1.5811e+00
  Batch 70/100 – Loss: 1.5183e+00
  Batch 80/100 – Loss: 1.5178e+00
  Batch 90/100 – Loss: 1.5642e+00
  Batch 100/100 – Loss: 1.6868e+00
Train Loss: 1.5866e+00 | Val Loss: 1.7943e+00
Train Accuracy: 0.6918 | Val Accuracy: 0.4781
--------------------------------
--- Epoch 61/100 ---
  Batch 10/100 – Loss: 1.5808e+00
  Batch 20/100 – Loss: 1.6049e+00
  Batch 30/100 – Loss: 1.5536e+00
  Batch 40/100 – Loss: 1.5454e+00
  Batch 50/100 – Loss: 1.5803e+00
  Batch 60/100 – Loss: 1.6054e+00
  Batch 70/100 – Loss: 1.6076e+00
  Batch 80/100 – Loss: 1.6440e+00
  Batch 90/100 – Loss: 1.6462e+00
  Batch 100/100 – Loss: 1.5272e+00
Train Loss: 1.5883e+00 | Val Loss: 1.7943e+00
Train Accuracy: 0.6885 | Val Accuracy: 0.4781
--------------------------------
--- Epoch 62/100 ---
  Batch 10/100 – Loss: 1.5141e+00
  Batch 20/100 – Loss: 1.5443e+00
  Batch 30/100 – Loss: 1.5331e+00
  Batch 40/100 – Loss: 1.6280e+00
  Batch 50/100 – Loss: 1.6367e+00
  Batch 60/100 – Loss: 1.6009e+00
  Batch 70/100 – Loss: 1.5415e+00
  Batch 80/100 – Loss: 1.6189e+00
  Batch 90/100 – Loss: 1.5623e+00
  Batch 100/100 – Loss: 1.5326e+00
Train Loss: 1.5866e+00 | Val Loss: 1.7943e+00
Train Accuracy: 0.6906 | Val Accuracy: 0.4781
--------------------------------
--- Epoch 63/100 ---
  Batch 10/100 – Loss: 1.6724e+00
  Batch 20/100 – Loss: 1.5141e+00
  Batch 30/100 – Loss: 1.6226e+00
  Batch 40/100 – Loss: 1.6481e+00
  Batch 50/100 – Loss: 1.5984e+00
  Batch 60/100 – Loss: 1.6655e+00
  Batch 70/100 – Loss: 1.5960e+00
  Batch 80/100 – Loss: 1.5633e+00
  Batch 90/100 – Loss: 1.6030e+00
  Batch 100/100 – Loss: 1.5746e+00
Train Loss: 1.5860e+00 | Val Loss: 1.7943e+00
Train Accuracy: 0.6915 | Val Accuracy: 0.4781
--------------------------------
--- Epoch 64/100 ---
  Batch 10/100 – Loss: 1.5835e+00
  Batch 20/100 – Loss: 1.6350e+00
  Batch 30/100 – Loss: 1.5194e+00
  Batch 40/100 – Loss: 1.5304e+00
  Batch 50/100 – Loss: 1.5317e+00
  Batch 60/100 – Loss: 1.5872e+00
  Batch 70/100 – Loss: 1.5861e+00
  Batch 80/100 – Loss: 1.6441e+00
  Batch 90/100 – Loss: 1.5918e+00
  Batch 100/100 – Loss: 1.5471e+00
Train Loss: 1.5866e+00 | Val Loss: 1.7943e+00
Train Accuracy: 0.6925 | Val Accuracy: 0.4781
--------------------------------
--- Epoch 65/100 ---
  Batch 10/100 – Loss: 1.5499e+00
  Batch 20/100 – Loss: 1.5596e+00
  Batch 30/100 – Loss: 1.5082e+00
  Batch 40/100 – Loss: 1.6942e+00
  Batch 50/100 – Loss: 1.6526e+00
  Batch 60/100 – Loss: 1.7276e+00
  Batch 70/100 – Loss: 1.6186e+00
  Batch 80/100 – Loss: 1.5743e+00
  Batch 90/100 – Loss: 1.6633e+00
  Batch 100/100 – Loss: 1.5478e+00
Train Loss: 1.5861e+00 | Val Loss: 1.7943e+00
Train Accuracy: 0.6906 | Val Accuracy: 0.4781
--------------------------------
--- Epoch 66/100 ---
  Batch 10/100 – Loss: 1.6242e+00
  Batch 20/100 – Loss: 1.6403e+00
  Batch 30/100 – Loss: 1.6245e+00
  Batch 40/100 – Loss: 1.4971e+00
  Batch 50/100 – Loss: 1.6138e+00
  Batch 60/100 – Loss: 1.6545e+00
  Batch 70/100 – Loss: 1.5897e+00
  Batch 80/100 – Loss: 1.6368e+00
  Batch 90/100 – Loss: 1.5549e+00
  Batch 100/100 – Loss: 1.6388e+00
Train Loss: 1.5869e+00 | Val Loss: 1.7943e+00
Train Accuracy: 0.6903 | Val Accuracy: 0.4781
--------------------------------
--- Epoch 67/100 ---
  Batch 10/100 – Loss: 1.5534e+00
  Batch 20/100 – Loss: 1.6576e+00
  Batch 30/100 – Loss: 1.6799e+00
  Batch 40/100 – Loss: 1.6965e+00
  Batch 50/100 – Loss: 1.7159e+00
  Batch 60/100 – Loss: 1.5966e+00
  Batch 70/100 – Loss: 1.5681e+00
  Batch 80/100 – Loss: 1.4795e+00
  Batch 90/100 – Loss: 1.5600e+00
  Batch 100/100 – Loss: 1.5980e+00
Train Loss: 1.5878e+00 | Val Loss: 1.7943e+00
Train Accuracy: 0.6889 | Val Accuracy: 0.4781
--------------------------------
--- Epoch 68/100 ---
  Batch 10/100 – Loss: 1.6386e+00
  Batch 20/100 – Loss: 1.6026e+00
  Batch 30/100 – Loss: 1.5614e+00
  Batch 40/100 – Loss: 1.4487e+00
  Batch 50/100 – Loss: 1.5939e+00
  Batch 60/100 – Loss: 1.5920e+00
  Batch 70/100 – Loss: 1.6891e+00
  Batch 80/100 – Loss: 1.4998e+00
  Batch 90/100 – Loss: 1.6131e+00
  Batch 100/100 – Loss: 1.5741e+00
Train Loss: 1.5861e+00 | Val Loss: 1.7943e+00
Train Accuracy: 0.6923 | Val Accuracy: 0.4781
--------------------------------
--- Epoch 69/100 ---
  Batch 10/100 – Loss: 1.6059e+00
  Batch 20/100 – Loss: 1.6055e+00
  Batch 30/100 – Loss: 1.6097e+00
  Batch 40/100 – Loss: 1.5169e+00
  Batch 50/100 – Loss: 1.5273e+00
  Batch 60/100 – Loss: 1.6596e+00
  Batch 70/100 – Loss: 1.4978e+00
  Batch 80/100 – Loss: 1.5445e+00
  Batch 90/100 – Loss: 1.5830e+00
  Batch 100/100 – Loss: 1.6347e+00
Train Loss: 1.5878e+00 | Val Loss: 1.7943e+00
Train Accuracy: 0.6907 | Val Accuracy: 0.4781
--------------------------------
--- Epoch 70/100 ---
  Batch 10/100 – Loss: 1.6811e+00
  Batch 20/100 – Loss: 1.5565e+00
  Batch 30/100 – Loss: 1.5583e+00
  Batch 40/100 – Loss: 1.6905e+00
  Batch 50/100 – Loss: 1.6068e+00
  Batch 60/100 – Loss: 1.6262e+00
  Batch 70/100 – Loss: 1.6257e+00
  Batch 80/100 – Loss: 1.5515e+00
  Batch 90/100 – Loss: 1.6265e+00
  Batch 100/100 – Loss: 1.6010e+00
Train Loss: 1.5879e+00 | Val Loss: 1.7943e+00
Train Accuracy: 0.6896 | Val Accuracy: 0.4781
--------------------------------
--- Epoch 71/100 ---
  Batch 10/100 – Loss: 1.5337e+00
  Batch 20/100 – Loss: 1.6354e+00
  Batch 30/100 – Loss: 1.5532e+00
  Batch 40/100 – Loss: 1.6322e+00
  Batch 50/100 – Loss: 1.5762e+00
  Batch 60/100 – Loss: 1.5701e+00
  Batch 70/100 – Loss: 1.5888e+00
  Batch 80/100 – Loss: 1.6053e+00
  Batch 90/100 – Loss: 1.5407e+00
  Batch 100/100 – Loss: 1.6078e+00
Train Loss: 1.5854e+00 | Val Loss: 1.7943e+00
Train Accuracy: 0.6935 | Val Accuracy: 0.4781
--------------------------------
--- Epoch 72/100 ---
  Batch 10/100 – Loss: 1.6096e+00
  Batch 20/100 – Loss: 1.5950e+00
  Batch 30/100 – Loss: 1.5341e+00
  Batch 40/100 – Loss: 1.4606e+00
  Batch 50/100 – Loss: 1.6632e+00
  Batch 60/100 – Loss: 1.5756e+00
  Batch 70/100 – Loss: 1.4547e+00
  Batch 80/100 – Loss: 1.6068e+00
  Batch 90/100 – Loss: 1.5725e+00
  Batch 100/100 – Loss: 1.5290e+00
Train Loss: 1.5876e+00 | Val Loss: 1.7943e+00
Train Accuracy: 0.6910 | Val Accuracy: 0.4781
--------------------------------
--- Epoch 73/100 ---
  Batch 10/100 – Loss: 1.5775e+00
  Batch 20/100 – Loss: 1.6275e+00
  Batch 30/100 – Loss: 1.5629e+00
  Batch 40/100 – Loss: 1.4799e+00
  Batch 50/100 – Loss: 1.5166e+00
  Batch 60/100 – Loss: 1.5933e+00
  Batch 70/100 – Loss: 1.6220e+00
  Batch 80/100 – Loss: 1.5619e+00
  Batch 90/100 – Loss: 1.6225e+00
  Batch 100/100 – Loss: 1.6667e+00
Train Loss: 1.5861e+00 | Val Loss: 1.7943e+00
Train Accuracy: 0.6929 | Val Accuracy: 0.4781
--------------------------------
--- Epoch 74/100 ---
  Batch 10/100 – Loss: 1.5472e+00
  Batch 20/100 – Loss: 1.5736e+00
  Batch 30/100 – Loss: 1.5447e+00
  Batch 40/100 – Loss: 1.6113e+00
  Batch 50/100 – Loss: 1.6171e+00
  Batch 60/100 – Loss: 1.5812e+00
  Batch 70/100 – Loss: 1.5193e+00
  Batch 80/100 – Loss: 1.5462e+00
  Batch 90/100 – Loss: 1.5731e+00
  Batch 100/100 – Loss: 1.5700e+00
Train Loss: 1.5855e+00 | Val Loss: 1.7943e+00
Train Accuracy: 0.6939 | Val Accuracy: 0.4781
--------------------------------
--- Epoch 75/100 ---
  Batch 10/100 – Loss: 1.5091e+00
  Batch 20/100 – Loss: 1.5732e+00
  Batch 30/100 – Loss: 1.6200e+00
  Batch 40/100 – Loss: 1.5411e+00
  Batch 50/100 – Loss: 1.5513e+00
  Batch 60/100 – Loss: 1.6743e+00
  Batch 70/100 – Loss: 1.5449e+00
  Batch 80/100 – Loss: 1.6068e+00
  Batch 90/100 – Loss: 1.4883e+00
  Batch 100/100 – Loss: 1.5385e+00
Train Loss: 1.5891e+00 | Val Loss: 1.7943e+00
Train Accuracy: 0.6889 | Val Accuracy: 0.4781
--------------------------------
--- Epoch 76/100 ---
  Batch 10/100 – Loss: 1.7014e+00
  Batch 20/100 – Loss: 1.6698e+00
  Batch 30/100 – Loss: 1.4898e+00
  Batch 40/100 – Loss: 1.6424e+00
  Batch 50/100 – Loss: 1.4726e+00
  Batch 60/100 – Loss: 1.6058e+00
  Batch 70/100 – Loss: 1.5607e+00
  Batch 80/100 – Loss: 1.5744e+00
  Batch 90/100 – Loss: 1.6641e+00
  Batch 100/100 – Loss: 1.5980e+00
Train Loss: 1.5861e+00 | Val Loss: 1.7943e+00
Train Accuracy: 0.6926 | Val Accuracy: 0.4781
--------------------------------
--- Epoch 77/100 ---
  Batch 10/100 – Loss: 1.6421e+00
  Batch 20/100 – Loss: 1.5447e+00
  Batch 30/100 – Loss: 1.5864e+00
  Batch 40/100 – Loss: 1.5788e+00
  Batch 50/100 – Loss: 1.5638e+00
  Batch 60/100 – Loss: 1.5874e+00
  Batch 70/100 – Loss: 1.6685e+00
  Batch 80/100 – Loss: 1.5659e+00
  Batch 90/100 – Loss: 1.6881e+00
  Batch 100/100 – Loss: 1.6000e+00
Train Loss: 1.5863e+00 | Val Loss: 1.7943e+00
Train Accuracy: 0.6904 | Val Accuracy: 0.4781
--------------------------------
--- Epoch 78/100 ---
  Batch 10/100 – Loss: 1.5671e+00
  Batch 20/100 – Loss: 1.6632e+00
  Batch 30/100 – Loss: 1.5888e+00
  Batch 40/100 – Loss: 1.5850e+00
  Batch 50/100 – Loss: 1.5578e+00
  Batch 60/100 – Loss: 1.5509e+00
  Batch 70/100 – Loss: 1.5841e+00
  Batch 80/100 – Loss: 1.5250e+00
  Batch 90/100 – Loss: 1.5153e+00
  Batch 100/100 – Loss: 1.5028e+00
Train Loss: 1.5867e+00 | Val Loss: 1.7943e+00
Train Accuracy: 0.6906 | Val Accuracy: 0.4781
--------------------------------
--- Epoch 79/100 ---
  Batch 10/100 – Loss: 1.5731e+00
  Batch 20/100 – Loss: 1.5922e+00
  Batch 30/100 – Loss: 1.5976e+00
  Batch 40/100 – Loss: 1.6982e+00
  Batch 50/100 – Loss: 1.6739e+00
  Batch 60/100 – Loss: 1.5462e+00
  Batch 70/100 – Loss: 1.6582e+00
  Batch 80/100 – Loss: 1.5902e+00
  Batch 90/100 – Loss: 1.6184e+00
  Batch 100/100 – Loss: 1.5061e+00
Train Loss: 1.5864e+00 | Val Loss: 1.7943e+00
Train Accuracy: 0.6918 | Val Accuracy: 0.4781
--------------------------------
--- Epoch 80/100 ---
  Batch 10/100 – Loss: 1.5759e+00
  Batch 20/100 – Loss: 1.5361e+00
  Batch 30/100 – Loss: 1.6770e+00
  Batch 40/100 – Loss: 1.6238e+00
  Batch 50/100 – Loss: 1.6188e+00
  Batch 60/100 – Loss: 1.5669e+00
  Batch 70/100 – Loss: 1.5857e+00
  Batch 80/100 – Loss: 1.4880e+00
  Batch 90/100 – Loss: 1.5361e+00
  Batch 100/100 – Loss: 1.6352e+00
Train Loss: 1.5855e+00 | Val Loss: 1.7943e+00
Train Accuracy: 0.6918 | Val Accuracy: 0.4781
--------------------------------
--- Epoch 81/100 ---
  Batch 10/100 – Loss: 1.6026e+00
  Batch 20/100 – Loss: 1.6782e+00
  Batch 30/100 – Loss: 1.6501e+00
  Batch 40/100 – Loss: 1.5904e+00
  Batch 50/100 – Loss: 1.5031e+00
  Batch 60/100 – Loss: 1.5865e+00
  Batch 70/100 – Loss: 1.4533e+00
  Batch 80/100 – Loss: 1.5424e+00
  Batch 90/100 – Loss: 1.5562e+00
  Batch 100/100 – Loss: 1.5173e+00
Train Loss: 1.5874e+00 | Val Loss: 1.7943e+00
Train Accuracy: 0.6901 | Val Accuracy: 0.4781
--------------------------------
--- Epoch 82/100 ---
  Batch 10/100 – Loss: 1.6606e+00
  Batch 20/100 – Loss: 1.6260e+00
  Batch 30/100 – Loss: 1.7192e+00
  Batch 40/100 – Loss: 1.5878e+00
  Batch 50/100 – Loss: 1.6471e+00
  Batch 60/100 – Loss: 1.6525e+00
  Batch 70/100 – Loss: 1.5561e+00
  Batch 80/100 – Loss: 1.5767e+00
  Batch 90/100 – Loss: 1.5711e+00
  Batch 100/100 – Loss: 1.6198e+00
Train Loss: 1.5867e+00 | Val Loss: 1.7943e+00
Train Accuracy: 0.6917 | Val Accuracy: 0.4781
--------------------------------
--- Epoch 83/100 ---
  Batch 10/100 – Loss: 1.5639e+00
  Batch 20/100 – Loss: 1.6130e+00
  Batch 30/100 – Loss: 1.6605e+00
  Batch 40/100 – Loss: 1.5377e+00
  Batch 50/100 – Loss: 1.5216e+00
  Batch 60/100 – Loss: 1.5834e+00
  Batch 70/100 – Loss: 1.6536e+00
  Batch 80/100 – Loss: 1.4989e+00
  Batch 90/100 – Loss: 1.5683e+00
  Batch 100/100 – Loss: 1.5698e+00
Train Loss: 1.5864e+00 | Val Loss: 1.7943e+00
Train Accuracy: 0.6912 | Val Accuracy: 0.4781
--------------------------------
--- Epoch 84/100 ---
  Batch 10/100 – Loss: 1.6204e+00
  Batch 20/100 – Loss: 1.6123e+00
  Batch 30/100 – Loss: 1.6114e+00
  Batch 40/100 – Loss: 1.5046e+00
  Batch 50/100 – Loss: 1.5510e+00
  Batch 60/100 – Loss: 1.6705e+00
  Batch 70/100 – Loss: 1.5993e+00
  Batch 80/100 – Loss: 1.5876e+00
  Batch 90/100 – Loss: 1.7061e+00
  Batch 100/100 – Loss: 1.5979e+00
Train Loss: 1.5867e+00 | Val Loss: 1.7943e+00
Train Accuracy: 0.6918 | Val Accuracy: 0.4781
--------------------------------
--- Epoch 85/100 ---
  Batch 10/100 – Loss: 1.5955e+00
  Batch 20/100 – Loss: 1.5794e+00
  Batch 30/100 – Loss: 1.4572e+00
  Batch 40/100 – Loss: 1.6845e+00
  Batch 50/100 – Loss: 1.5921e+00
  Batch 60/100 – Loss: 1.5732e+00
  Batch 70/100 – Loss: 1.6172e+00
  Batch 80/100 – Loss: 1.4812e+00
  Batch 90/100 – Loss: 1.5917e+00
  Batch 100/100 – Loss: 1.7325e+00
Train Loss: 1.5881e+00 | Val Loss: 1.7943e+00
Train Accuracy: 0.6893 | Val Accuracy: 0.4781
--------------------------------
--- Epoch 86/100 ---
  Batch 10/100 – Loss: 1.5512e+00
  Batch 20/100 – Loss: 1.5067e+00
  Batch 30/100 – Loss: 1.4984e+00
  Batch 40/100 – Loss: 1.5567e+00
  Batch 50/100 – Loss: 1.5249e+00
  Batch 60/100 – Loss: 1.5753e+00
  Batch 70/100 – Loss: 1.6453e+00
  Batch 80/100 – Loss: 1.5947e+00
  Batch 90/100 – Loss: 1.6079e+00
  Batch 100/100 – Loss: 1.5689e+00
Train Loss: 1.5881e+00 | Val Loss: 1.7943e+00
Train Accuracy: 0.6881 | Val Accuracy: 0.4781
--------------------------------
--- Epoch 87/100 ---
  Batch 10/100 – Loss: 1.5232e+00
  Batch 20/100 – Loss: 1.7449e+00
  Batch 30/100 – Loss: 1.6019e+00
  Batch 40/100 – Loss: 1.5506e+00
  Batch 50/100 – Loss: 1.5861e+00
  Batch 60/100 – Loss: 1.6588e+00
  Batch 70/100 – Loss: 1.5766e+00
  Batch 80/100 – Loss: 1.5714e+00
  Batch 90/100 – Loss: 1.6245e+00
  Batch 100/100 – Loss: 1.5852e+00
Train Loss: 1.5888e+00 | Val Loss: 1.7943e+00
Train Accuracy: 0.6881 | Val Accuracy: 0.4781
--------------------------------
--- Epoch 88/100 ---
  Batch 10/100 – Loss: 1.5778e+00
  Batch 20/100 – Loss: 1.5547e+00
  Batch 30/100 – Loss: 1.5920e+00
  Batch 40/100 – Loss: 1.5246e+00
  Batch 50/100 – Loss: 1.5510e+00
  Batch 60/100 – Loss: 1.5812e+00
  Batch 70/100 – Loss: 1.6292e+00
  Batch 80/100 – Loss: 1.5670e+00
  Batch 90/100 – Loss: 1.6650e+00
  Batch 100/100 – Loss: 1.6194e+00
Train Loss: 1.5863e+00 | Val Loss: 1.7943e+00
Train Accuracy: 0.6909 | Val Accuracy: 0.4781
--------------------------------
--- Epoch 89/100 ---
  Batch 10/100 – Loss: 1.5754e+00
  Batch 20/100 – Loss: 1.6254e+00
  Batch 30/100 – Loss: 1.6449e+00
  Batch 40/100 – Loss: 1.5241e+00
  Batch 50/100 – Loss: 1.5048e+00
  Batch 60/100 – Loss: 1.5536e+00
  Batch 70/100 – Loss: 1.5714e+00
  Batch 80/100 – Loss: 1.6160e+00
  Batch 90/100 – Loss: 1.5840e+00
  Batch 100/100 – Loss: 1.4452e+00
Train Loss: 1.5858e+00 | Val Loss: 1.7943e+00
Train Accuracy: 0.6912 | Val Accuracy: 0.4781
--------------------------------
--- Epoch 90/100 ---
  Batch 10/100 – Loss: 1.5969e+00
  Batch 20/100 – Loss: 1.5455e+00
  Batch 30/100 – Loss: 1.5660e+00
  Batch 40/100 – Loss: 1.7042e+00
  Batch 50/100 – Loss: 1.5852e+00
  Batch 60/100 – Loss: 1.5627e+00
  Batch 70/100 – Loss: 1.5766e+00
  Batch 80/100 – Loss: 1.5932e+00
  Batch 90/100 – Loss: 1.5141e+00
  Batch 100/100 – Loss: 1.5376e+00
Train Loss: 1.5865e+00 | Val Loss: 1.7943e+00
Train Accuracy: 0.6909 | Val Accuracy: 0.4781
--------------------------------
--- Epoch 91/100 ---
  Batch 10/100 – Loss: 1.6103e+00
  Batch 20/100 – Loss: 1.4962e+00
  Batch 30/100 – Loss: 1.5221e+00
  Batch 40/100 – Loss: 1.5557e+00
  Batch 50/100 – Loss: 1.6000e+00
  Batch 60/100 – Loss: 1.6282e+00
  Batch 70/100 – Loss: 1.6674e+00
  Batch 80/100 – Loss: 1.5972e+00
  Batch 90/100 – Loss: 1.6812e+00
  Batch 100/100 – Loss: 1.6357e+00
Train Loss: 1.5870e+00 | Val Loss: 1.7943e+00
Train Accuracy: 0.6893 | Val Accuracy: 0.4781
--------------------------------
--- Epoch 92/100 ---
  Batch 10/100 – Loss: 1.5436e+00
  Batch 20/100 – Loss: 1.5468e+00
  Batch 30/100 – Loss: 1.5902e+00
  Batch 40/100 – Loss: 1.6519e+00
  Batch 50/100 – Loss: 1.6605e+00
  Batch 60/100 – Loss: 1.4929e+00
  Batch 70/100 – Loss: 1.6029e+00
  Batch 80/100 – Loss: 1.5683e+00
  Batch 90/100 – Loss: 1.5669e+00
  Batch 100/100 – Loss: 1.4908e+00
Train Loss: 1.5860e+00 | Val Loss: 1.7943e+00
Train Accuracy: 0.6931 | Val Accuracy: 0.4781
--------------------------------
--- Epoch 93/100 ---
  Batch 10/100 – Loss: 1.5818e+00
  Batch 20/100 – Loss: 1.6139e+00
  Batch 30/100 – Loss: 1.5948e+00
  Batch 40/100 – Loss: 1.6315e+00
  Batch 50/100 – Loss: 1.5152e+00
  Batch 60/100 – Loss: 1.6312e+00
  Batch 70/100 – Loss: 1.5722e+00
  Batch 80/100 – Loss: 1.5819e+00
  Batch 90/100 – Loss: 1.5862e+00
  Batch 100/100 – Loss: 1.5433e+00
Train Loss: 1.5876e+00 | Val Loss: 1.7943e+00
Train Accuracy: 0.6901 | Val Accuracy: 0.4781
--------------------------------
--- Epoch 94/100 ---
  Batch 10/100 – Loss: 1.6012e+00
  Batch 20/100 – Loss: 1.5783e+00
  Batch 30/100 – Loss: 1.5651e+00
  Batch 40/100 – Loss: 1.5885e+00
  Batch 50/100 – Loss: 1.6613e+00
  Batch 60/100 – Loss: 1.6283e+00
  Batch 70/100 – Loss: 1.5492e+00
  Batch 80/100 – Loss: 1.6222e+00
  Batch 90/100 – Loss: 1.6602e+00
  Batch 100/100 – Loss: 1.6828e+00
Train Loss: 1.5881e+00 | Val Loss: 1.7943e+00
Train Accuracy: 0.6887 | Val Accuracy: 0.4781
--------------------------------
--- Epoch 95/100 ---
  Batch 10/100 – Loss: 1.6121e+00
  Batch 20/100 – Loss: 1.6222e+00
  Batch 30/100 – Loss: 1.5750e+00
  Batch 40/100 – Loss: 1.6934e+00
  Batch 50/100 – Loss: 1.5578e+00
  Batch 60/100 – Loss: 1.6653e+00
  Batch 70/100 – Loss: 1.5613e+00
  Batch 80/100 – Loss: 1.5787e+00
  Batch 90/100 – Loss: 1.5983e+00
  Batch 100/100 – Loss: 1.4895e+00
Train Loss: 1.5862e+00 | Val Loss: 1.7943e+00
Train Accuracy: 0.6909 | Val Accuracy: 0.4781
--------------------------------
--- Epoch 96/100 ---
  Batch 10/100 – Loss: 1.5990e+00
  Batch 20/100 – Loss: 1.5443e+00
  Batch 30/100 – Loss: 1.5602e+00
  Batch 40/100 – Loss: 1.6423e+00
  Batch 50/100 – Loss: 1.6106e+00
  Batch 60/100 – Loss: 1.5901e+00
  Batch 70/100 – Loss: 1.6168e+00
  Batch 80/100 – Loss: 1.5369e+00
  Batch 90/100 – Loss: 1.6131e+00
  Batch 100/100 – Loss: 1.4935e+00
Train Loss: 1.5831e+00 | Val Loss: 1.7943e+00
Train Accuracy: 0.6931 | Val Accuracy: 0.4781
--------------------------------
--- Epoch 97/100 ---
  Batch 10/100 – Loss: 1.5226e+00
  Batch 20/100 – Loss: 1.6431e+00
  Batch 30/100 – Loss: 1.6920e+00
  Batch 40/100 – Loss: 1.7214e+00
  Batch 50/100 – Loss: 1.6919e+00
  Batch 60/100 – Loss: 1.5628e+00
  Batch 70/100 – Loss: 1.5959e+00
  Batch 80/100 – Loss: 1.5644e+00
  Batch 90/100 – Loss: 1.5518e+00
  Batch 100/100 – Loss: 1.5976e+00
Train Loss: 1.5881e+00 | Val Loss: 1.7943e+00
Train Accuracy: 0.6904 | Val Accuracy: 0.4781
--------------------------------
--- Epoch 98/100 ---
  Batch 10/100 – Loss: 1.6394e+00
  Batch 20/100 – Loss: 1.5888e+00
  Batch 30/100 – Loss: 1.5369e+00
  Batch 40/100 – Loss: 1.5837e+00
  Batch 50/100 – Loss: 1.6941e+00
  Batch 60/100 – Loss: 1.6385e+00
  Batch 70/100 – Loss: 1.5226e+00
  Batch 80/100 – Loss: 1.6108e+00
  Batch 90/100 – Loss: 1.6408e+00
  Batch 100/100 – Loss: 1.5050e+00
Train Loss: 1.5870e+00 | Val Loss: 1.7943e+00
Train Accuracy: 0.6903 | Val Accuracy: 0.4781
--------------------------------
--- Epoch 99/100 ---
  Batch 10/100 – Loss: 1.5616e+00
  Batch 20/100 – Loss: 1.4978e+00
  Batch 30/100 – Loss: 1.6152e+00
  Batch 40/100 – Loss: 1.5614e+00
  Batch 50/100 – Loss: 1.5710e+00
  Batch 60/100 – Loss: 1.5756e+00
  Batch 70/100 – Loss: 1.5129e+00
  Batch 80/100 – Loss: 1.5747e+00
  Batch 90/100 – Loss: 1.5812e+00
  Batch 100/100 – Loss: 1.6788e+00
Train Loss: 1.5859e+00 | Val Loss: 1.7943e+00
Train Accuracy: 0.6915 | Val Accuracy: 0.4781
--------------------------------
--- Epoch 100/100 ---
  Batch 10/100 – Loss: 1.5882e+00
  Batch 20/100 – Loss: 1.6078e+00
  Batch 30/100 – Loss: 1.5379e+00
  Batch 40/100 – Loss: 1.4900e+00
  Batch 50/100 – Loss: 1.6028e+00
  Batch 60/100 – Loss: 1.5642e+00
  Batch 70/100 – Loss: 1.5931e+00
  Batch 80/100 – Loss: 1.6138e+00
  Batch 90/100 – Loss: 1.6131e+00
  Batch 100/100 – Loss: 1.5534e+00
Train Loss: 1.5882e+00 | Val Loss: 1.7943e+00
Train Accuracy: 0.6882 | Val Accuracy: 0.4781
Modèle sauvegardé : results/baseline/weights/weights_2.pth
--- Entraînement Baseline terminé ---
