--- Démarrage de l'entraînement Baseline ---
Device utilisé : cuda
--- Exécution version : 1 ---
--------------------------------
--- Epoch 1/5 ---
  Batch 10/100 – Loss: 2.0790e+00
  Batch 20/100 – Loss: 2.0794e+00
  Batch 30/100 – Loss: 2.0761e+00
  Batch 40/100 – Loss: 2.0652e+00
  Batch 50/100 – Loss: 1.9943e+00
  Batch 60/100 – Loss: 1.9938e+00
  Batch 70/100 – Loss: 2.0226e+00
  Batch 80/100 – Loss: 2.0311e+00
  Batch 90/100 – Loss: 1.9790e+00
  Batch 100/100 – Loss: 2.0037e+00
Train Loss: 2.0424e+00 | Val Loss: 1.9644e+00
Train Accuracy: 0.1928 | Val Accuracy: 0.3041
--------------------------------
--- Epoch 2/5 ---
  Batch 10/100 – Loss: 1.9620e+00
  Batch 20/100 – Loss: 2.0044e+00
  Batch 30/100 – Loss: 1.8859e+00
  Batch 40/100 – Loss: 1.8134e+00
  Batch 50/100 – Loss: 1.9140e+00
  Batch 60/100 – Loss: 1.8225e+00
  Batch 70/100 – Loss: 1.8629e+00
  Batch 80/100 – Loss: 1.9229e+00
  Batch 90/100 – Loss: 1.8963e+00
  Batch 100/100 – Loss: 1.9535e+00
Train Loss: 1.9303e+00 | Val Loss: 1.9049e+00
Train Accuracy: 0.3329 | Val Accuracy: 0.3730
--------------------------------
--- Epoch 3/5 ---
  Batch 10/100 – Loss: 1.9039e+00
  Batch 20/100 – Loss: 1.8826e+00
  Batch 30/100 – Loss: 1.9402e+00
  Batch 40/100 – Loss: 1.9106e+00
  Batch 50/100 – Loss: 1.8568e+00
  Batch 60/100 – Loss: 1.9762e+00
  Batch 70/100 – Loss: 1.7343e+00
  Batch 80/100 – Loss: 1.8600e+00
  Batch 90/100 – Loss: 1.9816e+00
  Batch 100/100 – Loss: 1.8809e+00
Train Loss: 1.8926e+00 | Val Loss: 1.8514e+00
Train Accuracy: 0.3743 | Val Accuracy: 0.4218
--------------------------------
--- Epoch 4/5 ---
  Batch 10/100 – Loss: 1.7927e+00
  Batch 20/100 – Loss: 1.6807e+00
  Batch 30/100 – Loss: 1.7949e+00
  Batch 40/100 – Loss: 1.8357e+00
  Batch 50/100 – Loss: 1.8729e+00
  Batch 60/100 – Loss: 1.8766e+00
  Batch 70/100 – Loss: 1.7631e+00
  Batch 80/100 – Loss: 1.7752e+00
  Batch 90/100 – Loss: 1.8301e+00
  Batch 100/100 – Loss: 1.7926e+00
Train Loss: 1.8560e+00 | Val Loss: 1.8399e+00
Train Accuracy: 0.4093 | Val Accuracy: 0.4293
--------------------------------
--- Epoch 5/5 ---
  Batch 10/100 – Loss: 1.8487e+00
  Batch 20/100 – Loss: 1.7805e+00
  Batch 30/100 – Loss: 1.8424e+00
  Batch 40/100 – Loss: 1.7945e+00
  Batch 50/100 – Loss: 1.8004e+00
  Batch 60/100 – Loss: 1.8363e+00
  Batch 70/100 – Loss: 1.6536e+00
  Batch 80/100 – Loss: 1.8382e+00
  Batch 90/100 – Loss: 1.8963e+00
  Batch 100/100 – Loss: 1.7716e+00
Train Loss: 1.8383e+00 | Val Loss: 1.8683e+00
Train Accuracy: 0.4299 | Val Accuracy: 0.3830
Modèle sauvegardé : results/baseline/weights/weights_1.pth
--- Entraînement Baseline terminé ---
