--- Démarrage de l'entraînement Improved ---
Device utilisé : cuda
--- Exécution version : 2 ---
--------------------------------
--- Epoch 1/50 ---
  Batch 10/100 – Loss: 1.8450e+01
  Batch 20/100 – Loss: 3.0523e+00
  Batch 30/100 – Loss: 2.1420e+00
  Batch 40/100 – Loss: 2.0964e+00
  Batch 50/100 – Loss: 2.0791e+00
  Batch 60/100 – Loss: 2.0690e+00
  Batch 70/100 – Loss: 2.0711e+00
  Batch 80/100 – Loss: 2.0477e+00
  Batch 90/100 – Loss: 2.0276e+00
  Batch 100/100 – Loss: 2.0400e+00
Train Loss: 5.5737e+00 | Val Loss: 2.0404e+00
Train Accuracy: 0.1502 | Val Accuracy: 0.2053
--------------------------------
--- Epoch 2/50 ---
  Batch 10/100 – Loss: 2.0227e+00
  Batch 20/100 – Loss: 1.9745e+00
  Batch 30/100 – Loss: 1.8883e+00
  Batch 40/100 – Loss: 1.9680e+00
  Batch 50/100 – Loss: 1.9236e+00
  Batch 60/100 – Loss: 1.7997e+00
  Batch 70/100 – Loss: 1.8816e+00
  Batch 80/100 – Loss: 1.9205e+00
  Batch 90/100 – Loss: 1.6767e+00
  Batch 100/100 – Loss: 1.7989e+00
Train Loss: 1.8477e+00 | Val Loss: 1.6792e+00
Train Accuracy: 0.3063 | Val Accuracy: 0.3930
--------------------------------
--- Epoch 3/50 ---
  Batch 10/100 – Loss: 1.6792e+00
  Batch 20/100 – Loss: 1.7455e+00
  Batch 30/100 – Loss: 1.6467e+00
  Batch 40/100 – Loss: 1.5490e+00
  Batch 50/100 – Loss: 1.5534e+00
  Batch 60/100 – Loss: 1.4445e+00
  Batch 70/100 – Loss: 1.7459e+00
  Batch 80/100 – Loss: 1.5413e+00
  Batch 90/100 – Loss: 1.7565e+00
  Batch 100/100 – Loss: 1.5714e+00
Train Loss: 1.6065e+00 | Val Loss: 1.5796e+00
Train Accuracy: 0.4058 | Val Accuracy: 0.4093
--------------------------------
--- Epoch 4/50 ---
  Batch 10/100 – Loss: 1.5737e+00
  Batch 20/100 – Loss: 1.5504e+00
  Batch 30/100 – Loss: 1.3402e+00
  Batch 40/100 – Loss: 1.2968e+00
  Batch 50/100 – Loss: 1.7055e+00
  Batch 60/100 – Loss: 1.4482e+00
  Batch 70/100 – Loss: 1.5746e+00
  Batch 80/100 – Loss: 1.3943e+00
  Batch 90/100 – Loss: 1.5309e+00
  Batch 100/100 – Loss: 1.5808e+00
Train Loss: 1.5048e+00 | Val Loss: 1.5678e+00
Train Accuracy: 0.4629 | Val Accuracy: 0.4643
--------------------------------
--- Epoch 5/50 ---
  Batch 10/100 – Loss: 1.4399e+00
  Batch 20/100 – Loss: 1.4209e+00
  Batch 30/100 – Loss: 1.4652e+00
  Batch 40/100 – Loss: 1.6218e+00
  Batch 50/100 – Loss: 1.1378e+00
  Batch 60/100 – Loss: 1.4221e+00
  Batch 70/100 – Loss: 1.4114e+00
  Batch 80/100 – Loss: 1.4260e+00
  Batch 90/100 – Loss: 1.4742e+00
  Batch 100/100 – Loss: 1.4393e+00
Train Loss: 1.4057e+00 | Val Loss: 1.5294e+00
Train Accuracy: 0.4998 | Val Accuracy: 0.4731
--------------------------------
--- Epoch 6/50 ---
  Batch 10/100 – Loss: 1.1948e+00
  Batch 20/100 – Loss: 1.3672e+00
  Batch 30/100 – Loss: 1.2203e+00
  Batch 40/100 – Loss: 1.6441e+00
  Batch 50/100 – Loss: 1.3371e+00
  Batch 60/100 – Loss: 1.2689e+00
  Batch 70/100 – Loss: 1.2204e+00
  Batch 80/100 – Loss: 1.3642e+00
  Batch 90/100 – Loss: 1.4718e+00
  Batch 100/100 – Loss: 1.2607e+00
Train Loss: 1.3479e+00 | Val Loss: 1.4262e+00
Train Accuracy: 0.5265 | Val Accuracy: 0.5131
--------------------------------
--- Epoch 7/50 ---
  Batch 10/100 – Loss: 1.2469e+00
  Batch 20/100 – Loss: 1.0520e+00
  Batch 30/100 – Loss: 1.3308e+00
  Batch 40/100 – Loss: 1.2245e+00
  Batch 50/100 – Loss: 1.3834e+00
  Batch 60/100 – Loss: 1.3805e+00
  Batch 70/100 – Loss: 9.1067e-01
  Batch 80/100 – Loss: 1.2267e+00
  Batch 90/100 – Loss: 1.3814e+00
  Batch 100/100 – Loss: 1.2773e+00
Train Loss: 1.2548e+00 | Val Loss: 1.4171e+00
Train Accuracy: 0.5565 | Val Accuracy: 0.5282
--------------------------------
--- Epoch 8/50 ---
  Batch 10/100 – Loss: 1.3607e+00
  Batch 20/100 – Loss: 1.3298e+00
  Batch 30/100 – Loss: 1.3768e+00
  Batch 40/100 – Loss: 1.0987e+00
  Batch 50/100 – Loss: 1.2513e+00
  Batch 60/100 – Loss: 9.9625e-01
  Batch 70/100 – Loss: 1.3209e+00
  Batch 80/100 – Loss: 1.1715e+00
  Batch 90/100 – Loss: 1.1444e+00
  Batch 100/100 – Loss: 1.4146e+00
Train Loss: 1.1632e+00 | Val Loss: 1.4167e+00
Train Accuracy: 0.5901 | Val Accuracy: 0.5181
--------------------------------
--- Epoch 9/50 ---
  Batch 10/100 – Loss: 9.9721e-01
  Batch 20/100 – Loss: 1.2700e+00
  Batch 30/100 – Loss: 1.0706e+00
  Batch 40/100 – Loss: 1.2099e+00
  Batch 50/100 – Loss: 1.0148e+00
  Batch 60/100 – Loss: 9.5403e-01
  Batch 70/100 – Loss: 8.1288e-01
  Batch 80/100 – Loss: 1.1096e+00
  Batch 90/100 – Loss: 9.4176e-01
  Batch 100/100 – Loss: 1.3991e+00
Train Loss: 1.0443e+00 | Val Loss: 1.4341e+00
Train Accuracy: 0.6340 | Val Accuracy: 0.5232
--------------------------------
--- Epoch 10/50 ---
  Batch 10/100 – Loss: 9.1146e-01
  Batch 20/100 – Loss: 9.2954e-01
  Batch 30/100 – Loss: 9.7424e-01
  Batch 40/100 – Loss: 8.5273e-01
  Batch 50/100 – Loss: 9.4130e-01
  Batch 60/100 – Loss: 8.4266e-01
  Batch 70/100 – Loss: 1.0917e+00
  Batch 80/100 – Loss: 1.0637e+00
  Batch 90/100 – Loss: 9.4578e-01
  Batch 100/100 – Loss: 8.5772e-01
Train Loss: 9.2473e-01 | Val Loss: 1.5834e+00
Train Accuracy: 0.6773 | Val Accuracy: 0.5094
--------------------------------
--- Epoch 11/50 ---
  Batch 10/100 – Loss: 7.6415e-01
  Batch 20/100 – Loss: 7.9441e-01
  Batch 30/100 – Loss: 7.6294e-01
  Batch 40/100 – Loss: 6.7180e-01
  Batch 50/100 – Loss: 4.6873e-01
  Batch 60/100 – Loss: 6.0003e-01
  Batch 70/100 – Loss: 5.2270e-01
  Batch 80/100 – Loss: 8.1963e-01
  Batch 90/100 – Loss: 7.5581e-01
  Batch 100/100 – Loss: 5.9635e-01
Train Loss: 6.8708e-01 | Val Loss: 1.5451e+00
Train Accuracy: 0.7726 | Val Accuracy: 0.5544
--------------------------------
--- Epoch 12/50 ---
  Batch 10/100 – Loss: 7.3382e-01
  Batch 20/100 – Loss: 4.5075e-01
  Batch 30/100 – Loss: 6.4262e-01
  Batch 40/100 – Loss: 5.4010e-01
  Batch 50/100 – Loss: 4.6051e-01
  Batch 60/100 – Loss: 5.4983e-01
  Batch 70/100 – Loss: 5.7252e-01
  Batch 80/100 – Loss: 5.4940e-01
  Batch 90/100 – Loss: 6.8202e-01
  Batch 100/100 – Loss: 6.3737e-01
Train Loss: 6.1781e-01 | Val Loss: 1.5632e+00
Train Accuracy: 0.7923 | Val Accuracy: 0.5532
--------------------------------
--- Epoch 13/50 ---
  Batch 10/100 – Loss: 5.5031e-01
  Batch 20/100 – Loss: 5.4606e-01
  Batch 30/100 – Loss: 5.4834e-01
  Batch 40/100 – Loss: 5.3290e-01
  Batch 50/100 – Loss: 5.3777e-01
  Batch 60/100 – Loss: 5.9778e-01
  Batch 70/100 – Loss: 5.0187e-01
  Batch 80/100 – Loss: 6.0167e-01
  Batch 90/100 – Loss: 6.1198e-01
  Batch 100/100 – Loss: 6.0332e-01
Train Loss: 5.8828e-01 | Val Loss: 1.6122e+00
Train Accuracy: 0.7962 | Val Accuracy: 0.5444
--------------------------------
--- Epoch 14/50 ---
  Batch 10/100 – Loss: 4.1897e-01
  Batch 20/100 – Loss: 4.6187e-01
  Batch 30/100 – Loss: 4.9599e-01
  Batch 40/100 – Loss: 6.3746e-01
  Batch 50/100 – Loss: 4.9623e-01
  Batch 60/100 – Loss: 4.2963e-01
  Batch 70/100 – Loss: 6.8924e-01
  Batch 80/100 – Loss: 5.1600e-01
  Batch 90/100 – Loss: 5.9048e-01
  Batch 100/100 – Loss: 6.3796e-01
Train Loss: 5.5424e-01 | Val Loss: 1.5950e+00
Train Accuracy: 0.8165 | Val Accuracy: 0.5670
--------------------------------
--- Epoch 15/50 ---
  Batch 10/100 – Loss: 3.7612e-01
  Batch 20/100 – Loss: 3.4048e-01
  Batch 30/100 – Loss: 4.2504e-01
  Batch 40/100 – Loss: 5.4259e-01
  Batch 50/100 – Loss: 5.2924e-01
  Batch 60/100 – Loss: 7.9182e-01
  Batch 70/100 – Loss: 5.0315e-01
  Batch 80/100 – Loss: 4.8606e-01
  Batch 90/100 – Loss: 3.3744e-01
  Batch 100/100 – Loss: 5.3236e-01
Train Loss: 5.2048e-01 | Val Loss: 1.6484e+00
Train Accuracy: 0.8303 | Val Accuracy: 0.5532
--------------------------------
--- Epoch 16/50 ---
  Batch 10/100 – Loss: 3.0188e-01
  Batch 20/100 – Loss: 6.5249e-01
  Batch 30/100 – Loss: 5.1878e-01
  Batch 40/100 – Loss: 4.4384e-01
  Batch 50/100 – Loss: 4.2368e-01
  Batch 60/100 – Loss: 3.4890e-01
  Batch 70/100 – Loss: 5.6292e-01
  Batch 80/100 – Loss: 6.6796e-01
  Batch 90/100 – Loss: 5.4650e-01
  Batch 100/100 – Loss: 4.9197e-01
Train Loss: 4.9831e-01 | Val Loss: 1.6741e+00
Train Accuracy: 0.8301 | Val Accuracy: 0.5382
--------------------------------
--- Epoch 17/50 ---
  Batch 10/100 – Loss: 4.3782e-01
  Batch 20/100 – Loss: 6.5632e-01
  Batch 30/100 – Loss: 3.5422e-01
  Batch 40/100 – Loss: 3.5323e-01
  Batch 50/100 – Loss: 4.7304e-01
  Batch 60/100 – Loss: 3.4895e-01
  Batch 70/100 – Loss: 3.4398e-01
  Batch 80/100 – Loss: 4.7506e-01
  Batch 90/100 – Loss: 5.0755e-01
  Batch 100/100 – Loss: 3.3238e-01
Train Loss: 4.5778e-01 | Val Loss: 1.6884e+00
Train Accuracy: 0.8483 | Val Accuracy: 0.5494
--------------------------------
--- Epoch 18/50 ---
  Batch 10/100 – Loss: 3.7956e-01
  Batch 20/100 – Loss: 5.1101e-01
  Batch 30/100 – Loss: 5.3178e-01
  Batch 40/100 – Loss: 4.6402e-01
  Batch 50/100 – Loss: 4.6096e-01
  Batch 60/100 – Loss: 5.2749e-01
  Batch 70/100 – Loss: 3.5573e-01
  Batch 80/100 – Loss: 3.8198e-01
  Batch 90/100 – Loss: 5.2391e-01
  Batch 100/100 – Loss: 3.6632e-01
Train Loss: 4.4357e-01 | Val Loss: 1.7113e+00
Train Accuracy: 0.8583 | Val Accuracy: 0.5369
--------------------------------
--- Epoch 19/50 ---
  Batch 10/100 – Loss: 3.8885e-01
  Batch 20/100 – Loss: 2.5146e-01
  Batch 30/100 – Loss: 5.1239e-01
  Batch 40/100 – Loss: 5.6941e-01
  Batch 50/100 – Loss: 4.6725e-01
  Batch 60/100 – Loss: 3.2555e-01
  Batch 70/100 – Loss: 5.9944e-01
  Batch 80/100 – Loss: 4.3276e-01
  Batch 90/100 – Loss: 5.1879e-01
  Batch 100/100 – Loss: 3.6840e-01
Train Loss: 4.2209e-01 | Val Loss: 1.7339e+00
Train Accuracy: 0.8597 | Val Accuracy: 0.5544
--------------------------------
--- Epoch 20/50 ---
  Batch 10/100 – Loss: 2.3918e-01
  Batch 20/100 – Loss: 5.9254e-01
  Batch 30/100 – Loss: 3.3349e-01
  Batch 40/100 – Loss: 3.2385e-01
  Batch 50/100 – Loss: 2.7641e-01
  Batch 60/100 – Loss: 3.8682e-01
  Batch 70/100 – Loss: 3.6466e-01
  Batch 80/100 – Loss: 4.0958e-01
  Batch 90/100 – Loss: 3.9933e-01
  Batch 100/100 – Loss: 5.4721e-01
Train Loss: 3.9710e-01 | Val Loss: 1.7915e+00
Train Accuracy: 0.8762 | Val Accuracy: 0.5494
--------------------------------
--- Epoch 21/50 ---
  Batch 10/100 – Loss: 4.2938e-01
  Batch 20/100 – Loss: 3.4681e-01
  Batch 30/100 – Loss: 3.6415e-01
  Batch 40/100 – Loss: 4.8215e-01
  Batch 50/100 – Loss: 4.1340e-01
  Batch 60/100 – Loss: 2.9515e-01
  Batch 70/100 – Loss: 3.1367e-01
  Batch 80/100 – Loss: 4.1176e-01
  Batch 90/100 – Loss: 2.1880e-01
  Batch 100/100 – Loss: 3.5607e-01
Train Loss: 3.5658e-01 | Val Loss: 1.7893e+00
Train Accuracy: 0.8903 | Val Accuracy: 0.5407
--------------------------------
--- Epoch 22/50 ---
  Batch 10/100 – Loss: 1.9302e-01
  Batch 20/100 – Loss: 2.8828e-01
  Batch 30/100 – Loss: 3.2467e-01
  Batch 40/100 – Loss: 2.9055e-01
  Batch 50/100 – Loss: 3.1333e-01
  Batch 60/100 – Loss: 4.2521e-01
  Batch 70/100 – Loss: 3.5876e-01
  Batch 80/100 – Loss: 3.7929e-01
  Batch 90/100 – Loss: 3.0221e-01
  Batch 100/100 – Loss: 3.6719e-01
Train Loss: 3.5496e-01 | Val Loss: 1.7962e+00
Train Accuracy: 0.8855 | Val Accuracy: 0.5407
--------------------------------
--- Epoch 23/50 ---
  Batch 10/100 – Loss: 2.4996e-01
  Batch 20/100 – Loss: 4.2607e-01
  Batch 30/100 – Loss: 3.6002e-01
  Batch 40/100 – Loss: 5.4652e-01
  Batch 50/100 – Loss: 3.2848e-01
  Batch 60/100 – Loss: 2.7169e-01
  Batch 70/100 – Loss: 2.6947e-01
  Batch 80/100 – Loss: 3.8504e-01
  Batch 90/100 – Loss: 2.3384e-01
  Batch 100/100 – Loss: 5.4626e-01
Train Loss: 3.5385e-01 | Val Loss: 1.8001e+00
Train Accuracy: 0.8903 | Val Accuracy: 0.5407
--------------------------------
--- Epoch 24/50 ---
  Batch 10/100 – Loss: 4.0278e-01
  Batch 20/100 – Loss: 3.2573e-01
  Batch 30/100 – Loss: 4.2650e-01
  Batch 40/100 – Loss: 4.5056e-01
  Batch 50/100 – Loss: 3.1360e-01
  Batch 60/100 – Loss: 2.4800e-01
  Batch 70/100 – Loss: 2.4031e-01
  Batch 80/100 – Loss: 3.7993e-01
  Batch 90/100 – Loss: 2.8140e-01
  Batch 100/100 – Loss: 4.0695e-01
Train Loss: 3.4957e-01 | Val Loss: 1.8182e+00
Train Accuracy: 0.8909 | Val Accuracy: 0.5369
--------------------------------
--- Epoch 25/50 ---
  Batch 10/100 – Loss: 4.0477e-01
  Batch 20/100 – Loss: 5.2318e-01
  Batch 30/100 – Loss: 2.0734e-01
  Batch 40/100 – Loss: 3.1862e-01
  Batch 50/100 – Loss: 3.4906e-01
  Batch 60/100 – Loss: 3.7603e-01
  Batch 70/100 – Loss: 4.5555e-01
  Batch 80/100 – Loss: 4.2790e-01
  Batch 90/100 – Loss: 3.7444e-01
  Batch 100/100 – Loss: 3.9558e-01
Train Loss: 3.4340e-01 | Val Loss: 1.8338e+00
Train Accuracy: 0.8925 | Val Accuracy: 0.5382
--------------------------------
--- Epoch 26/50 ---
  Batch 10/100 – Loss: 3.9576e-01
  Batch 20/100 – Loss: 3.6452e-01
  Batch 30/100 – Loss: 3.1084e-01
  Batch 40/100 – Loss: 3.7795e-01
  Batch 50/100 – Loss: 4.1958e-01
  Batch 60/100 – Loss: 3.3920e-01
  Batch 70/100 – Loss: 3.5864e-01
  Batch 80/100 – Loss: 2.8465e-01
  Batch 90/100 – Loss: 3.2992e-01
  Batch 100/100 – Loss: 4.6605e-01
Train Loss: 3.4063e-01 | Val Loss: 1.8496e+00
Train Accuracy: 0.8984 | Val Accuracy: 0.5382
--------------------------------
--- Epoch 27/50 ---
  Batch 10/100 – Loss: 3.6688e-01
  Batch 20/100 – Loss: 4.2161e-01
  Batch 30/100 – Loss: 2.9850e-01
  Batch 40/100 – Loss: 2.9188e-01
  Batch 50/100 – Loss: 3.1102e-01
  Batch 60/100 – Loss: 3.5241e-01
  Batch 70/100 – Loss: 3.1569e-01
  Batch 80/100 – Loss: 3.0406e-01
  Batch 90/100 – Loss: 3.9310e-01
  Batch 100/100 – Loss: 2.6344e-01
Train Loss: 3.4049e-01 | Val Loss: 1.8081e+00
Train Accuracy: 0.8933 | Val Accuracy: 0.5369
--------------------------------
--- Epoch 28/50 ---
  Batch 10/100 – Loss: 1.9308e-01
  Batch 20/100 – Loss: 3.0883e-01
  Batch 30/100 – Loss: 3.7486e-01
  Batch 40/100 – Loss: 2.7052e-01
  Batch 50/100 – Loss: 2.3538e-01
  Batch 60/100 – Loss: 3.0727e-01
  Batch 70/100 – Loss: 3.4612e-01
  Batch 80/100 – Loss: 3.5755e-01
  Batch 90/100 – Loss: 4.4883e-01
  Batch 100/100 – Loss: 3.5459e-01
Train Loss: 3.3430e-01 | Val Loss: 1.8492e+00
Train Accuracy: 0.8955 | Val Accuracy: 0.5369
--------------------------------
--- Epoch 29/50 ---
  Batch 10/100 – Loss: 2.9326e-01
  Batch 20/100 – Loss: 4.3134e-01
  Batch 30/100 – Loss: 2.9338e-01
  Batch 40/100 – Loss: 3.0736e-01
  Batch 50/100 – Loss: 3.7468e-01
  Batch 60/100 – Loss: 2.3829e-01
  Batch 70/100 – Loss: 2.7431e-01
  Batch 80/100 – Loss: 3.6931e-01
  Batch 90/100 – Loss: 2.9776e-01
  Batch 100/100 – Loss: 4.0084e-01
Train Loss: 3.2424e-01 | Val Loss: 1.8418e+00
Train Accuracy: 0.9008 | Val Accuracy: 0.5382
--------------------------------
--- Epoch 30/50 ---
  Batch 10/100 – Loss: 3.4256e-01
  Batch 20/100 – Loss: 2.9387e-01
  Batch 30/100 – Loss: 4.4756e-01
  Batch 40/100 – Loss: 3.4719e-01
  Batch 50/100 – Loss: 3.5249e-01
  Batch 60/100 – Loss: 4.5214e-01
  Batch 70/100 – Loss: 2.6908e-01
  Batch 80/100 – Loss: 4.3113e-01
  Batch 90/100 – Loss: 3.3302e-01
  Batch 100/100 – Loss: 2.2243e-01
Train Loss: 3.2929e-01 | Val Loss: 1.8351e+00
Train Accuracy: 0.8962 | Val Accuracy: 0.5319
--------------------------------
--- Epoch 31/50 ---
  Batch 10/100 – Loss: 1.9461e-01
  Batch 20/100 – Loss: 4.4251e-01
  Batch 30/100 – Loss: 5.0816e-01
  Batch 40/100 – Loss: 2.5159e-01
  Batch 50/100 – Loss: 2.4612e-01
  Batch 60/100 – Loss: 3.7332e-01
  Batch 70/100 – Loss: 3.2869e-01
  Batch 80/100 – Loss: 3.4020e-01
  Batch 90/100 – Loss: 3.4634e-01
  Batch 100/100 – Loss: 3.8666e-01
Train Loss: 3.3247e-01 | Val Loss: 1.8582e+00
Train Accuracy: 0.8959 | Val Accuracy: 0.5382
--------------------------------
--- Epoch 32/50 ---
  Batch 10/100 – Loss: 3.4471e-01
  Batch 20/100 – Loss: 3.2119e-01
  Batch 30/100 – Loss: 3.7782e-01
  Batch 40/100 – Loss: 3.2118e-01
  Batch 50/100 – Loss: 4.4627e-01
  Batch 60/100 – Loss: 3.2713e-01
  Batch 70/100 – Loss: 3.9987e-01
  Batch 80/100 – Loss: 3.3563e-01
  Batch 90/100 – Loss: 3.6398e-01
  Batch 100/100 – Loss: 3.4822e-01
Train Loss: 3.2253e-01 | Val Loss: 1.8519e+00
Train Accuracy: 0.9031 | Val Accuracy: 0.5369
--------------------------------
--- Epoch 33/50 ---
  Batch 10/100 – Loss: 3.2038e-01
  Batch 20/100 – Loss: 1.9491e-01
  Batch 30/100 – Loss: 2.3173e-01
  Batch 40/100 – Loss: 3.8788e-01
  Batch 50/100 – Loss: 3.5483e-01
  Batch 60/100 – Loss: 1.8836e-01
  Batch 70/100 – Loss: 4.5593e-01
  Batch 80/100 – Loss: 2.7876e-01
  Batch 90/100 – Loss: 3.9292e-01
  Batch 100/100 – Loss: 3.3960e-01
Train Loss: 3.2218e-01 | Val Loss: 1.8610e+00
Train Accuracy: 0.9017 | Val Accuracy: 0.5344
--------------------------------
--- Epoch 34/50 ---
  Batch 10/100 – Loss: 4.4010e-01
  Batch 20/100 – Loss: 1.8728e-01
  Batch 30/100 – Loss: 2.2478e-01
  Batch 40/100 – Loss: 3.7082e-01
  Batch 50/100 – Loss: 3.8343e-01
  Batch 60/100 – Loss: 3.0836e-01
  Batch 70/100 – Loss: 4.0863e-01
  Batch 80/100 – Loss: 2.4841e-01
  Batch 90/100 – Loss: 4.6583e-01
  Batch 100/100 – Loss: 4.2743e-01
Train Loss: 3.3073e-01 | Val Loss: 1.8365e+00
Train Accuracy: 0.8967 | Val Accuracy: 0.5394
--------------------------------
--- Epoch 35/50 ---
  Batch 10/100 – Loss: 3.4431e-01
  Batch 20/100 – Loss: 2.7180e-01
  Batch 30/100 – Loss: 4.4668e-01
  Batch 40/100 – Loss: 3.8888e-01
  Batch 50/100 – Loss: 4.0075e-01
  Batch 60/100 – Loss: 2.8297e-01
  Batch 70/100 – Loss: 3.1953e-01
  Batch 80/100 – Loss: 3.9308e-01
  Batch 90/100 – Loss: 3.0593e-01
  Batch 100/100 – Loss: 2.9852e-01
Train Loss: 3.2283e-01 | Val Loss: 1.8372e+00
Train Accuracy: 0.8976 | Val Accuracy: 0.5394
--------------------------------
--- Epoch 36/50 ---
  Batch 10/100 – Loss: 2.6903e-01
  Batch 20/100 – Loss: 3.4346e-01
  Batch 30/100 – Loss: 4.0070e-01
  Batch 40/100 – Loss: 3.8515e-01
  Batch 50/100 – Loss: 3.6853e-01
  Batch 60/100 – Loss: 2.6797e-01
  Batch 70/100 – Loss: 2.5745e-01
  Batch 80/100 – Loss: 3.7327e-01
  Batch 90/100 – Loss: 2.8105e-01
  Batch 100/100 – Loss: 2.7769e-01
Train Loss: 3.2405e-01 | Val Loss: 1.8406e+00
Train Accuracy: 0.9014 | Val Accuracy: 0.5357
--------------------------------
--- Epoch 37/50 ---
  Batch 10/100 – Loss: 1.9765e-01
  Batch 20/100 – Loss: 3.1858e-01
  Batch 30/100 – Loss: 2.3733e-01
  Batch 40/100 – Loss: 3.5776e-01
  Batch 50/100 – Loss: 1.9431e-01
  Batch 60/100 – Loss: 4.0308e-01
  Batch 70/100 – Loss: 3.8280e-01
  Batch 80/100 – Loss: 3.5346e-01
  Batch 90/100 – Loss: 3.1714e-01
  Batch 100/100 – Loss: 3.3994e-01
Train Loss: 3.1825e-01 | Val Loss: 1.8520e+00
Train Accuracy: 0.9044 | Val Accuracy: 0.5357
--------------------------------
--- Epoch 38/50 ---
  Batch 10/100 – Loss: 3.1863e-01
  Batch 20/100 – Loss: 3.4159e-01
  Batch 30/100 – Loss: 3.2721e-01
  Batch 40/100 – Loss: 3.1436e-01
  Batch 50/100 – Loss: 3.7410e-01
  Batch 60/100 – Loss: 4.4295e-01
  Batch 70/100 – Loss: 3.7456e-01
  Batch 80/100 – Loss: 3.1949e-01
  Batch 90/100 – Loss: 3.9163e-01
  Batch 100/100 – Loss: 2.8085e-01
Train Loss: 3.2054e-01 | Val Loss: 1.8509e+00
Train Accuracy: 0.9039 | Val Accuracy: 0.5357
--------------------------------
--- Epoch 39/50 ---
  Batch 10/100 – Loss: 3.9355e-01
  Batch 20/100 – Loss: 4.1661e-01
  Batch 30/100 – Loss: 3.9708e-01
  Batch 40/100 – Loss: 3.2997e-01
  Batch 50/100 – Loss: 4.5986e-01
  Batch 60/100 – Loss: 2.2304e-01
  Batch 70/100 – Loss: 3.9605e-01
  Batch 80/100 – Loss: 2.4495e-01
  Batch 90/100 – Loss: 3.1409e-01
  Batch 100/100 – Loss: 3.1371e-01
Train Loss: 3.2064e-01 | Val Loss: 1.8439e+00
Train Accuracy: 0.9006 | Val Accuracy: 0.5394
--------------------------------
--- Epoch 40/50 ---
  Batch 10/100 – Loss: 3.5662e-01
  Batch 20/100 – Loss: 3.8839e-01
  Batch 30/100 – Loss: 3.2545e-01
  Batch 40/100 – Loss: 4.9083e-01
  Batch 50/100 – Loss: 4.8487e-01
  Batch 60/100 – Loss: 2.6290e-01
  Batch 70/100 – Loss: 4.9621e-01
  Batch 80/100 – Loss: 3.7095e-01
  Batch 90/100 – Loss: 2.3471e-01
  Batch 100/100 – Loss: 2.7753e-01
Train Loss: 3.1790e-01 | Val Loss: 1.8505e+00
Train Accuracy: 0.9015 | Val Accuracy: 0.5332
--------------------------------
--- Epoch 41/50 ---
  Batch 10/100 – Loss: 3.0781e-01
  Batch 20/100 – Loss: 2.6922e-01
  Batch 30/100 – Loss: 3.0554e-01
  Batch 40/100 – Loss: 2.6042e-01
  Batch 50/100 – Loss: 2.7406e-01
  Batch 60/100 – Loss: 3.1738e-01
  Batch 70/100 – Loss: 3.9659e-01
  Batch 80/100 – Loss: 2.7970e-01
  Batch 90/100 – Loss: 3.7387e-01
  Batch 100/100 – Loss: 3.0043e-01
Train Loss: 3.1181e-01 | Val Loss: 1.8621e+00
Train Accuracy: 0.9078 | Val Accuracy: 0.5319
--------------------------------
--- Epoch 42/50 ---
  Batch 10/100 – Loss: 2.4402e-01
  Batch 20/100 – Loss: 2.7981e-01
  Batch 30/100 – Loss: 2.7638e-01
  Batch 40/100 – Loss: 3.2080e-01
  Batch 50/100 – Loss: 2.9821e-01
  Batch 60/100 – Loss: 2.5911e-01
  Batch 70/100 – Loss: 3.5742e-01
  Batch 80/100 – Loss: 2.9103e-01
  Batch 90/100 – Loss: 4.3616e-01
  Batch 100/100 – Loss: 3.0279e-01
Train Loss: 3.2077e-01 | Val Loss: 1.8511e+00
Train Accuracy: 0.9008 | Val Accuracy: 0.5332
--------------------------------
--- Epoch 43/50 ---
  Batch 10/100 – Loss: 3.4774e-01
  Batch 20/100 – Loss: 3.3680e-01
  Batch 30/100 – Loss: 3.6616e-01
  Batch 40/100 – Loss: 3.0108e-01
  Batch 50/100 – Loss: 3.3442e-01
  Batch 60/100 – Loss: 3.7300e-01
  Batch 70/100 – Loss: 3.3771e-01
  Batch 80/100 – Loss: 4.0779e-01
  Batch 90/100 – Loss: 3.6873e-01
  Batch 100/100 – Loss: 1.9285e-01
Train Loss: 3.2096e-01 | Val Loss: 1.8595e+00
Train Accuracy: 0.9022 | Val Accuracy: 0.5369
--------------------------------
--- Epoch 44/50 ---
  Batch 10/100 – Loss: 4.1959e-01
  Batch 20/100 – Loss: 3.1688e-01
  Batch 30/100 – Loss: 2.9115e-01
  Batch 40/100 – Loss: 2.7668e-01
  Batch 50/100 – Loss: 2.7946e-01
  Batch 60/100 – Loss: 3.4046e-01
  Batch 70/100 – Loss: 2.9752e-01
  Batch 80/100 – Loss: 3.0326e-01
  Batch 90/100 – Loss: 3.2975e-01
  Batch 100/100 – Loss: 3.4535e-01
Train Loss: 3.2065e-01 | Val Loss: 1.8615e+00
Train Accuracy: 0.9034 | Val Accuracy: 0.5357
--------------------------------
--- Epoch 45/50 ---
  Batch 10/100 – Loss: 2.9012e-01
  Batch 20/100 – Loss: 3.4979e-01
  Batch 30/100 – Loss: 3.1127e-01
  Batch 40/100 – Loss: 3.6177e-01
  Batch 50/100 – Loss: 2.8976e-01
  Batch 60/100 – Loss: 3.9048e-01
  Batch 70/100 – Loss: 2.9298e-01
  Batch 80/100 – Loss: 4.2737e-01
  Batch 90/100 – Loss: 4.0214e-01
  Batch 100/100 – Loss: 3.9583e-01
Train Loss: 3.2400e-01 | Val Loss: 1.8675e+00
Train Accuracy: 0.8997 | Val Accuracy: 0.5394
--------------------------------
--- Epoch 46/50 ---
  Batch 10/100 – Loss: 3.3193e-01
  Batch 20/100 – Loss: 4.5081e-01
  Batch 30/100 – Loss: 3.9121e-01
  Batch 40/100 – Loss: 2.1861e-01
  Batch 50/100 – Loss: 4.5621e-01
  Batch 60/100 – Loss: 3.4659e-01
  Batch 70/100 – Loss: 3.0603e-01
  Batch 80/100 – Loss: 2.7787e-01
  Batch 90/100 – Loss: 3.1923e-01
  Batch 100/100 – Loss: 2.6300e-01
Train Loss: 3.2262e-01 | Val Loss: 1.8750e+00
Train Accuracy: 0.8969 | Val Accuracy: 0.5369
--------------------------------
--- Epoch 47/50 ---
  Batch 10/100 – Loss: 2.0371e-01
  Batch 20/100 – Loss: 3.7226e-01
  Batch 30/100 – Loss: 3.2343e-01
  Batch 40/100 – Loss: 2.3542e-01
  Batch 50/100 – Loss: 3.5030e-01
  Batch 60/100 – Loss: 3.5321e-01
  Batch 70/100 – Loss: 3.4299e-01
  Batch 80/100 – Loss: 4.6496e-01
  Batch 90/100 – Loss: 2.6740e-01
  Batch 100/100 – Loss: 3.8506e-01
Train Loss: 3.2313e-01 | Val Loss: 1.8640e+00
Train Accuracy: 0.8986 | Val Accuracy: 0.5369
--------------------------------
--- Epoch 48/50 ---
  Batch 10/100 – Loss: 3.4085e-01
  Batch 20/100 – Loss: 5.0715e-01
  Batch 30/100 – Loss: 2.8728e-01
  Batch 40/100 – Loss: 3.7846e-01
  Batch 50/100 – Loss: 2.9123e-01
  Batch 60/100 – Loss: 3.2363e-01
  Batch 70/100 – Loss: 4.3021e-01
  Batch 80/100 – Loss: 3.1953e-01
  Batch 90/100 – Loss: 3.9925e-01
  Batch 100/100 – Loss: 3.5197e-01
Train Loss: 3.2574e-01 | Val Loss: 1.8670e+00
Train Accuracy: 0.9026 | Val Accuracy: 0.5344
--------------------------------
--- Epoch 49/50 ---
  Batch 10/100 – Loss: 2.8612e-01
  Batch 20/100 – Loss: 3.9099e-01
  Batch 30/100 – Loss: 2.1416e-01
  Batch 40/100 – Loss: 3.9746e-01
  Batch 50/100 – Loss: 3.4418e-01
  Batch 60/100 – Loss: 2.6296e-01
  Batch 70/100 – Loss: 3.5389e-01
  Batch 80/100 – Loss: 3.6601e-01
  Batch 90/100 – Loss: 2.1938e-01
  Batch 100/100 – Loss: 2.5271e-01
Train Loss: 3.2115e-01 | Val Loss: 1.8616e+00
Train Accuracy: 0.8989 | Val Accuracy: 0.5407
--------------------------------
--- Epoch 50/50 ---
  Batch 10/100 – Loss: 3.7127e-01
  Batch 20/100 – Loss: 3.7349e-01
  Batch 30/100 – Loss: 2.4348e-01
  Batch 40/100 – Loss: 2.7889e-01
  Batch 50/100 – Loss: 2.8802e-01
  Batch 60/100 – Loss: 2.9464e-01
  Batch 70/100 – Loss: 4.8519e-01
  Batch 80/100 – Loss: 3.2073e-01
  Batch 90/100 – Loss: 3.7559e-01
  Batch 100/100 – Loss: 1.7204e-01
Train Loss: 3.1821e-01 | Val Loss: 1.8520e+00
Train Accuracy: 0.9014 | Val Accuracy: 0.5344
Modèle sauvegardé : results/improved/weights/weights_2.pth
--- Entraînement Improved terminé ---
