--- Démarrage de l'entraînement Improved ---
Device utilisé : cuda
--- Exécution version : 3 ---
--------------------------------
--- Epoch 1/50 ---
  Batch 10/100 – Loss: 1.9576e+00
  Batch 20/100 – Loss: 2.0487e+00
  Batch 30/100 – Loss: 1.8232e+00
  Batch 40/100 – Loss: 1.7929e+00
  Batch 50/100 – Loss: 1.8331e+00
  Batch 60/100 – Loss: 1.7365e+00
  Batch 70/100 – Loss: 1.7516e+00
  Batch 80/100 – Loss: 1.7899e+00
  Batch 90/100 – Loss: 1.6304e+00
  Batch 100/100 – Loss: 1.3244e+00
Train Loss: 1.7947e+00 | Val Loss: 2.3741e+00
Train Accuracy: 0.3244 | Val Accuracy: 0.2578
--------------------------------
--- Epoch 2/50 ---
  Batch 10/100 – Loss: 1.5991e+00
  Batch 20/100 – Loss: 1.7635e+00
  Batch 30/100 – Loss: 1.4191e+00
  Batch 40/100 – Loss: 1.6149e+00
  Batch 50/100 – Loss: 1.4198e+00
  Batch 60/100 – Loss: 1.4348e+00
  Batch 70/100 – Loss: 1.4507e+00
  Batch 80/100 – Loss: 1.7453e+00
  Batch 90/100 – Loss: 1.4818e+00
  Batch 100/100 – Loss: 1.6360e+00
Train Loss: 1.5594e+00 | Val Loss: 2.3281e+00
Train Accuracy: 0.4418 | Val Accuracy: 0.2441
--------------------------------
--- Epoch 3/50 ---
  Batch 10/100 – Loss: 1.5590e+00
  Batch 20/100 – Loss: 1.4966e+00
  Batch 30/100 – Loss: 1.4936e+00
  Batch 40/100 – Loss: 1.5018e+00
  Batch 50/100 – Loss: 1.6231e+00
  Batch 60/100 – Loss: 1.5287e+00
  Batch 70/100 – Loss: 1.3918e+00
  Batch 80/100 – Loss: 1.5244e+00
  Batch 90/100 – Loss: 1.3753e+00
  Batch 100/100 – Loss: 1.4596e+00
Train Loss: 1.4852e+00 | Val Loss: 1.5477e+00
Train Accuracy: 0.4630 | Val Accuracy: 0.4393
--------------------------------
--- Epoch 4/50 ---
  Batch 10/100 – Loss: 1.6051e+00
  Batch 20/100 – Loss: 1.3845e+00
  Batch 30/100 – Loss: 1.3147e+00
  Batch 40/100 – Loss: 1.7635e+00
  Batch 50/100 – Loss: 1.5576e+00
  Batch 60/100 – Loss: 1.2473e+00
  Batch 70/100 – Loss: 1.3788e+00
  Batch 80/100 – Loss: 1.4600e+00
  Batch 90/100 – Loss: 1.6061e+00
  Batch 100/100 – Loss: 1.5417e+00
Train Loss: 1.4372e+00 | Val Loss: 1.6433e+00
Train Accuracy: 0.4909 | Val Accuracy: 0.4168
--------------------------------
--- Epoch 5/50 ---
  Batch 10/100 – Loss: 1.3876e+00
  Batch 20/100 – Loss: 1.5822e+00
  Batch 30/100 – Loss: 1.5484e+00
  Batch 40/100 – Loss: 1.2934e+00
  Batch 50/100 – Loss: 1.4200e+00
  Batch 60/100 – Loss: 1.3564e+00
  Batch 70/100 – Loss: 1.3764e+00
  Batch 80/100 – Loss: 1.5608e+00
  Batch 90/100 – Loss: 1.2877e+00
  Batch 100/100 – Loss: 1.3643e+00
Train Loss: 1.3843e+00 | Val Loss: 1.6446e+00
Train Accuracy: 0.5146 | Val Accuracy: 0.4355
--------------------------------
--- Epoch 6/50 ---
  Batch 10/100 – Loss: 1.4016e+00
  Batch 20/100 – Loss: 1.3831e+00
  Batch 30/100 – Loss: 1.3921e+00
  Batch 40/100 – Loss: 1.4578e+00
  Batch 50/100 – Loss: 1.3427e+00
  Batch 60/100 – Loss: 1.3140e+00
  Batch 70/100 – Loss: 1.3331e+00
  Batch 80/100 – Loss: 1.4317e+00
  Batch 90/100 – Loss: 1.1628e+00
  Batch 100/100 – Loss: 1.2457e+00
Train Loss: 1.3606e+00 | Val Loss: 1.7655e+00
Train Accuracy: 0.5245 | Val Accuracy: 0.3767
--------------------------------
--- Epoch 7/50 ---
  Batch 10/100 – Loss: 1.1942e+00
  Batch 20/100 – Loss: 1.2652e+00
  Batch 30/100 – Loss: 1.4188e+00
  Batch 40/100 – Loss: 1.2746e+00
  Batch 50/100 – Loss: 1.1967e+00
  Batch 60/100 – Loss: 1.1341e+00
  Batch 70/100 – Loss: 1.3813e+00
  Batch 80/100 – Loss: 1.5816e+00
  Batch 90/100 – Loss: 1.3764e+00
  Batch 100/100 – Loss: 1.1075e+00
Train Loss: 1.3360e+00 | Val Loss: 1.4624e+00
Train Accuracy: 0.5324 | Val Accuracy: 0.4906
--------------------------------
--- Epoch 8/50 ---
  Batch 10/100 – Loss: 1.4689e+00
  Batch 20/100 – Loss: 1.4608e+00
  Batch 30/100 – Loss: 1.1723e+00
  Batch 40/100 – Loss: 1.3203e+00
  Batch 50/100 – Loss: 1.4632e+00
  Batch 60/100 – Loss: 1.2740e+00
  Batch 70/100 – Loss: 1.2138e+00
  Batch 80/100 – Loss: 1.1950e+00
  Batch 90/100 – Loss: 1.4978e+00
  Batch 100/100 – Loss: 1.1445e+00
Train Loss: 1.3082e+00 | Val Loss: 1.6292e+00
Train Accuracy: 0.5343 | Val Accuracy: 0.4068
--------------------------------
--- Epoch 9/50 ---
  Batch 10/100 – Loss: 1.5611e+00
  Batch 20/100 – Loss: 1.1511e+00
  Batch 30/100 – Loss: 1.2076e+00
  Batch 40/100 – Loss: 1.3725e+00
  Batch 50/100 – Loss: 1.3135e+00
  Batch 60/100 – Loss: 1.5501e+00
  Batch 70/100 – Loss: 1.3548e+00
  Batch 80/100 – Loss: 1.2754e+00
  Batch 90/100 – Loss: 1.4227e+00
  Batch 100/100 – Loss: 1.3149e+00
Train Loss: 1.2878e+00 | Val Loss: 1.5543e+00
Train Accuracy: 0.5518 | Val Accuracy: 0.4431
--------------------------------
--- Epoch 10/50 ---
  Batch 10/100 – Loss: 1.2562e+00
  Batch 20/100 – Loss: 1.1944e+00
  Batch 30/100 – Loss: 1.1406e+00
  Batch 40/100 – Loss: 1.3209e+00
  Batch 50/100 – Loss: 1.2759e+00
  Batch 60/100 – Loss: 1.4986e+00
  Batch 70/100 – Loss: 1.3400e+00
  Batch 80/100 – Loss: 1.1026e+00
  Batch 90/100 – Loss: 1.2727e+00
  Batch 100/100 – Loss: 1.3279e+00
Train Loss: 1.2781e+00 | Val Loss: 1.7356e+00
Train Accuracy: 0.5445 | Val Accuracy: 0.4043
--------------------------------
--- Epoch 11/50 ---
  Batch 10/100 – Loss: 1.4349e+00
  Batch 20/100 – Loss: 1.1765e+00
  Batch 30/100 – Loss: 1.1376e+00
  Batch 40/100 – Loss: 1.3831e+00
  Batch 50/100 – Loss: 1.1441e+00
  Batch 60/100 – Loss: 1.1846e+00
  Batch 70/100 – Loss: 1.2478e+00
  Batch 80/100 – Loss: 1.4763e+00
  Batch 90/100 – Loss: 1.2458e+00
  Batch 100/100 – Loss: 1.2970e+00
Train Loss: 1.2512e+00 | Val Loss: 1.3951e+00
Train Accuracy: 0.5682 | Val Accuracy: 0.5294
--------------------------------
--- Epoch 12/50 ---
  Batch 10/100 – Loss: 1.0178e+00
  Batch 20/100 – Loss: 1.3318e+00
  Batch 30/100 – Loss: 1.0390e+00
  Batch 40/100 – Loss: 1.2199e+00
  Batch 50/100 – Loss: 1.3155e+00
  Batch 60/100 – Loss: 1.3047e+00
  Batch 70/100 – Loss: 1.1074e+00
  Batch 80/100 – Loss: 1.1080e+00
  Batch 90/100 – Loss: 1.4024e+00
  Batch 100/100 – Loss: 1.0645e+00
Train Loss: 1.2275e+00 | Val Loss: 1.4299e+00
Train Accuracy: 0.5734 | Val Accuracy: 0.4956
--------------------------------
--- Epoch 13/50 ---
  Batch 10/100 – Loss: 1.0142e+00
  Batch 20/100 – Loss: 1.1841e+00
  Batch 30/100 – Loss: 1.1017e+00
  Batch 40/100 – Loss: 1.1963e+00
  Batch 50/100 – Loss: 1.1483e+00
  Batch 60/100 – Loss: 1.2946e+00
  Batch 70/100 – Loss: 1.0638e+00
  Batch 80/100 – Loss: 1.5549e+00
  Batch 90/100 – Loss: 1.3492e+00
  Batch 100/100 – Loss: 1.1912e+00
Train Loss: 1.2217e+00 | Val Loss: 1.9320e+00
Train Accuracy: 0.5718 | Val Accuracy: 0.3730
--------------------------------
--- Epoch 14/50 ---
  Batch 10/100 – Loss: 1.1256e+00
  Batch 20/100 – Loss: 1.2125e+00
  Batch 30/100 – Loss: 9.1171e-01
  Batch 40/100 – Loss: 9.7612e-01
  Batch 50/100 – Loss: 1.2832e+00
  Batch 60/100 – Loss: 1.0665e+00
  Batch 70/100 – Loss: 1.0915e+00
  Batch 80/100 – Loss: 1.3295e+00
  Batch 90/100 – Loss: 1.1124e+00
  Batch 100/100 – Loss: 1.0633e+00
Train Loss: 1.1997e+00 | Val Loss: 1.4327e+00
Train Accuracy: 0.5737 | Val Accuracy: 0.5144
--------------------------------
--- Epoch 15/50 ---
  Batch 10/100 – Loss: 1.0355e+00
  Batch 20/100 – Loss: 1.0738e+00
  Batch 30/100 – Loss: 1.2258e+00
  Batch 40/100 – Loss: 9.8623e-01
  Batch 50/100 – Loss: 1.1541e+00
  Batch 60/100 – Loss: 1.1896e+00
  Batch 70/100 – Loss: 1.1231e+00
  Batch 80/100 – Loss: 1.1259e+00
  Batch 90/100 – Loss: 1.3655e+00
  Batch 100/100 – Loss: 1.2646e+00
Train Loss: 1.1937e+00 | Val Loss: 1.5012e+00
Train Accuracy: 0.5842 | Val Accuracy: 0.5019
--------------------------------
--- Epoch 16/50 ---
  Batch 10/100 – Loss: 1.1309e+00
  Batch 20/100 – Loss: 1.3512e+00
  Batch 30/100 – Loss: 1.1297e+00
  Batch 40/100 – Loss: 1.1954e+00
  Batch 50/100 – Loss: 1.1657e+00
  Batch 60/100 – Loss: 1.1940e+00
  Batch 70/100 – Loss: 1.1224e+00
  Batch 80/100 – Loss: 1.1080e+00
  Batch 90/100 – Loss: 1.3218e+00
  Batch 100/100 – Loss: 1.1829e+00
Train Loss: 1.1632e+00 | Val Loss: 1.5455e+00
Train Accuracy: 0.5920 | Val Accuracy: 0.4468
--------------------------------
--- Epoch 17/50 ---
  Batch 10/100 – Loss: 1.1805e+00
  Batch 20/100 – Loss: 1.2797e+00
  Batch 30/100 – Loss: 1.2343e+00
  Batch 40/100 – Loss: 1.0570e+00
  Batch 50/100 – Loss: 1.2257e+00
  Batch 60/100 – Loss: 1.2542e+00
  Batch 70/100 – Loss: 1.2465e+00
  Batch 80/100 – Loss: 1.1235e+00
  Batch 90/100 – Loss: 1.2256e+00
  Batch 100/100 – Loss: 1.0284e+00
Train Loss: 1.1659e+00 | Val Loss: 1.5702e+00
Train Accuracy: 0.5902 | Val Accuracy: 0.4343
--------------------------------
--- Epoch 18/50 ---
  Batch 10/100 – Loss: 1.2612e+00
  Batch 20/100 – Loss: 1.1731e+00
  Batch 30/100 – Loss: 9.2675e-01
  Batch 40/100 – Loss: 1.2736e+00
  Batch 50/100 – Loss: 1.0501e+00
  Batch 60/100 – Loss: 1.1528e+00
  Batch 70/100 – Loss: 1.1134e+00
  Batch 80/100 – Loss: 1.1998e+00
  Batch 90/100 – Loss: 1.1082e+00
  Batch 100/100 – Loss: 1.1875e+00
Train Loss: 1.1343e+00 | Val Loss: 1.4841e+00
Train Accuracy: 0.6045 | Val Accuracy: 0.4919
--------------------------------
--- Epoch 19/50 ---
  Batch 10/100 – Loss: 1.1040e+00
  Batch 20/100 – Loss: 1.0804e+00
  Batch 30/100 – Loss: 1.0171e+00
  Batch 40/100 – Loss: 8.2818e-01
  Batch 50/100 – Loss: 8.4046e-01
  Batch 60/100 – Loss: 1.1638e+00
  Batch 70/100 – Loss: 1.0644e+00
  Batch 80/100 – Loss: 9.5693e-01
  Batch 90/100 – Loss: 1.2301e+00
  Batch 100/100 – Loss: 1.4455e+00
Train Loss: 1.1295e+00 | Val Loss: 1.6305e+00
Train Accuracy: 0.6103 | Val Accuracy: 0.4656
--------------------------------
--- Epoch 20/50 ---
  Batch 10/100 – Loss: 1.1904e+00
  Batch 20/100 – Loss: 1.2470e+00
  Batch 30/100 – Loss: 9.8520e-01
  Batch 40/100 – Loss: 1.1928e+00
  Batch 50/100 – Loss: 1.1313e+00
  Batch 60/100 – Loss: 1.0151e+00
  Batch 70/100 – Loss: 1.2291e+00
  Batch 80/100 – Loss: 1.1964e+00
  Batch 90/100 – Loss: 1.0886e+00
  Batch 100/100 – Loss: 9.9930e-01
Train Loss: 1.1263e+00 | Val Loss: 1.4317e+00
Train Accuracy: 0.5990 | Val Accuracy: 0.5344
--------------------------------
--- Epoch 21/50 ---
  Batch 10/100 – Loss: 1.2583e+00
  Batch 20/100 – Loss: 1.1243e+00
  Batch 30/100 – Loss: 1.2204e+00
  Batch 40/100 – Loss: 9.1402e-01
  Batch 50/100 – Loss: 1.1316e+00
  Batch 60/100 – Loss: 1.1732e+00
  Batch 70/100 – Loss: 1.1052e+00
  Batch 80/100 – Loss: 9.7680e-01
  Batch 90/100 – Loss: 1.1820e+00
  Batch 100/100 – Loss: 1.2123e+00
Train Loss: 1.1028e+00 | Val Loss: 1.7799e+00
Train Accuracy: 0.6138 | Val Accuracy: 0.4043
--------------------------------
--- Epoch 22/50 ---
  Batch 10/100 – Loss: 1.2802e+00
  Batch 20/100 – Loss: 9.1623e-01
  Batch 30/100 – Loss: 8.7683e-01
  Batch 40/100 – Loss: 1.1676e+00
  Batch 50/100 – Loss: 1.1711e+00
  Batch 60/100 – Loss: 1.0906e+00
  Batch 70/100 – Loss: 1.1617e+00
  Batch 80/100 – Loss: 9.3099e-01
  Batch 90/100 – Loss: 1.0081e+00
  Batch 100/100 – Loss: 1.0562e+00
Train Loss: 1.0924e+00 | Val Loss: 1.3241e+00
Train Accuracy: 0.6129 | Val Accuracy: 0.5357
--------------------------------
--- Epoch 23/50 ---
  Batch 10/100 – Loss: 1.0135e+00
  Batch 20/100 – Loss: 9.0397e-01
  Batch 30/100 – Loss: 1.0160e+00
  Batch 40/100 – Loss: 1.1509e+00
  Batch 50/100 – Loss: 1.0341e+00
  Batch 60/100 – Loss: 1.0102e+00
  Batch 70/100 – Loss: 1.0251e+00
  Batch 80/100 – Loss: 9.5158e-01
  Batch 90/100 – Loss: 9.0280e-01
  Batch 100/100 – Loss: 1.1200e+00
Train Loss: 1.0724e+00 | Val Loss: 1.3878e+00
Train Accuracy: 0.6282 | Val Accuracy: 0.5219
--------------------------------
--- Epoch 24/50 ---
  Batch 10/100 – Loss: 9.3135e-01
  Batch 20/100 – Loss: 9.3511e-01
  Batch 30/100 – Loss: 1.1550e+00
  Batch 40/100 – Loss: 9.0735e-01
  Batch 50/100 – Loss: 1.2492e+00
  Batch 60/100 – Loss: 1.0101e+00
  Batch 70/100 – Loss: 9.8688e-01
  Batch 80/100 – Loss: 1.1009e+00
  Batch 90/100 – Loss: 1.0720e+00
  Batch 100/100 – Loss: 1.0053e+00
Train Loss: 1.0537e+00 | Val Loss: 1.3646e+00
Train Accuracy: 0.6315 | Val Accuracy: 0.5457
--------------------------------
--- Epoch 25/50 ---
  Batch 10/100 – Loss: 1.0185e+00
  Batch 20/100 – Loss: 1.0462e+00
  Batch 30/100 – Loss: 8.9149e-01
  Batch 40/100 – Loss: 1.0839e+00
  Batch 50/100 – Loss: 1.1814e+00
  Batch 60/100 – Loss: 9.9635e-01
  Batch 70/100 – Loss: 8.3167e-01
  Batch 80/100 – Loss: 1.1237e+00
  Batch 90/100 – Loss: 1.0962e+00
  Batch 100/100 – Loss: 7.8684e-01
Train Loss: 1.0522e+00 | Val Loss: 1.5277e+00
Train Accuracy: 0.6340 | Val Accuracy: 0.4718
--------------------------------
--- Epoch 26/50 ---
  Batch 10/100 – Loss: 9.2393e-01
  Batch 20/100 – Loss: 1.1079e+00
  Batch 30/100 – Loss: 1.1181e+00
  Batch 40/100 – Loss: 1.3792e+00
  Batch 50/100 – Loss: 1.0694e+00
  Batch 60/100 – Loss: 1.0287e+00
  Batch 70/100 – Loss: 8.4520e-01
  Batch 80/100 – Loss: 1.0653e+00
  Batch 90/100 – Loss: 1.1206e+00
  Batch 100/100 – Loss: 9.6940e-01
Train Loss: 1.0327e+00 | Val Loss: 1.4456e+00
Train Accuracy: 0.6431 | Val Accuracy: 0.5282
--------------------------------
--- Epoch 27/50 ---
  Batch 10/100 – Loss: 1.1061e+00
  Batch 20/100 – Loss: 1.1292e+00
  Batch 30/100 – Loss: 1.2391e+00
  Batch 40/100 – Loss: 9.9190e-01
  Batch 50/100 – Loss: 9.0144e-01
  Batch 60/100 – Loss: 1.0640e+00
  Batch 70/100 – Loss: 1.0838e+00
  Batch 80/100 – Loss: 1.2325e+00
  Batch 90/100 – Loss: 1.0321e+00
  Batch 100/100 – Loss: 8.1453e-01
Train Loss: 1.0182e+00 | Val Loss: 1.4449e+00
Train Accuracy: 0.6398 | Val Accuracy: 0.5144
--------------------------------
--- Epoch 28/50 ---
  Batch 10/100 – Loss: 8.3041e-01
  Batch 20/100 – Loss: 9.6140e-01
  Batch 30/100 – Loss: 8.1990e-01
  Batch 40/100 – Loss: 1.1556e+00
  Batch 50/100 – Loss: 1.0151e+00
  Batch 60/100 – Loss: 1.1046e+00
  Batch 70/100 – Loss: 8.7226e-01
  Batch 80/100 – Loss: 7.9731e-01
  Batch 90/100 – Loss: 1.1739e+00
  Batch 100/100 – Loss: 8.7288e-01
Train Loss: 1.0122e+00 | Val Loss: 2.1314e+00
Train Accuracy: 0.6442 | Val Accuracy: 0.3579
--------------------------------
--- Epoch 29/50 ---
  Batch 10/100 – Loss: 9.5809e-01
  Batch 20/100 – Loss: 9.8348e-01
  Batch 30/100 – Loss: 7.5425e-01
  Batch 40/100 – Loss: 8.3495e-01
  Batch 50/100 – Loss: 9.7898e-01
  Batch 60/100 – Loss: 1.0691e+00
  Batch 70/100 – Loss: 1.0843e+00
  Batch 80/100 – Loss: 1.2176e+00
  Batch 90/100 – Loss: 9.9848e-01
  Batch 100/100 – Loss: 9.3283e-01
Train Loss: 1.0018e+00 | Val Loss: 1.6747e+00
Train Accuracy: 0.6492 | Val Accuracy: 0.4481
--------------------------------
--- Epoch 30/50 ---
  Batch 10/100 – Loss: 1.1107e+00
  Batch 20/100 – Loss: 9.6406e-01
  Batch 30/100 – Loss: 8.3798e-01
  Batch 40/100 – Loss: 1.1524e+00
  Batch 50/100 – Loss: 1.0596e+00
  Batch 60/100 – Loss: 8.6328e-01
  Batch 70/100 – Loss: 9.5427e-01
  Batch 80/100 – Loss: 1.0477e+00
  Batch 90/100 – Loss: 9.1401e-01
  Batch 100/100 – Loss: 8.2968e-01
Train Loss: 9.9498e-01 | Val Loss: 1.4780e+00
Train Accuracy: 0.6482 | Val Accuracy: 0.5207
--------------------------------
--- Epoch 31/50 ---
  Batch 10/100 – Loss: 1.1020e+00
  Batch 20/100 – Loss: 9.1254e-01
  Batch 30/100 – Loss: 1.0562e+00
  Batch 40/100 – Loss: 1.0531e+00
  Batch 50/100 – Loss: 9.6125e-01
  Batch 60/100 – Loss: 1.0993e+00
  Batch 70/100 – Loss: 9.6604e-01
  Batch 80/100 – Loss: 9.1262e-01
  Batch 90/100 – Loss: 9.1090e-01
  Batch 100/100 – Loss: 8.8232e-01
Train Loss: 9.6021e-01 | Val Loss: 1.4219e+00
Train Accuracy: 0.6645 | Val Accuracy: 0.5044
--------------------------------
--- Epoch 32/50 ---
  Batch 10/100 – Loss: 9.5978e-01
  Batch 20/100 – Loss: 8.8584e-01
  Batch 30/100 – Loss: 1.0301e+00
  Batch 40/100 – Loss: 1.1380e+00
  Batch 50/100 – Loss: 7.4316e-01
  Batch 60/100 – Loss: 1.1965e+00
  Batch 70/100 – Loss: 1.1433e+00
  Batch 80/100 – Loss: 1.2140e+00
  Batch 90/100 – Loss: 9.0878e-01
  Batch 100/100 – Loss: 8.8624e-01
Train Loss: 9.6465e-01 | Val Loss: 1.4887e+00
Train Accuracy: 0.6620 | Val Accuracy: 0.5019
--------------------------------
--- Epoch 33/50 ---
  Batch 10/100 – Loss: 8.8286e-01
  Batch 20/100 – Loss: 7.2202e-01
  Batch 30/100 – Loss: 8.2514e-01
  Batch 40/100 – Loss: 1.1383e+00
  Batch 50/100 – Loss: 9.3334e-01
  Batch 60/100 – Loss: 9.1807e-01
  Batch 70/100 – Loss: 8.3932e-01
  Batch 80/100 – Loss: 8.6303e-01
  Batch 90/100 – Loss: 1.0077e+00
  Batch 100/100 – Loss: 1.0410e+00
Train Loss: 9.3091e-01 | Val Loss: 1.6089e+00
Train Accuracy: 0.6728 | Val Accuracy: 0.4718
--------------------------------
--- Epoch 34/50 ---
  Batch 10/100 – Loss: 8.6021e-01
  Batch 20/100 – Loss: 1.0265e+00
  Batch 30/100 – Loss: 1.0710e+00
  Batch 40/100 – Loss: 9.6231e-01
  Batch 50/100 – Loss: 8.0819e-01
  Batch 60/100 – Loss: 1.0740e+00
  Batch 70/100 – Loss: 1.4473e+00
  Batch 80/100 – Loss: 8.2501e-01
  Batch 90/100 – Loss: 1.0755e+00
  Batch 100/100 – Loss: 1.0111e+00
Train Loss: 9.3290e-01 | Val Loss: 1.4647e+00
Train Accuracy: 0.6687 | Val Accuracy: 0.5257
--------------------------------
--- Epoch 35/50 ---
  Batch 10/100 – Loss: 7.5547e-01
  Batch 20/100 – Loss: 8.5677e-01
  Batch 30/100 – Loss: 9.7782e-01
  Batch 40/100 – Loss: 8.6121e-01
  Batch 50/100 – Loss: 8.6509e-01
  Batch 60/100 – Loss: 8.5769e-01
  Batch 70/100 – Loss: 9.8617e-01
  Batch 80/100 – Loss: 9.5135e-01
  Batch 90/100 – Loss: 8.5810e-01
  Batch 100/100 – Loss: 9.9510e-01
Train Loss: 9.1228e-01 | Val Loss: 1.3244e+00
Train Accuracy: 0.6756 | Val Accuracy: 0.5407
--------------------------------
--- Epoch 36/50 ---
  Batch 10/100 – Loss: 9.1552e-01
  Batch 20/100 – Loss: 1.0066e+00
  Batch 30/100 – Loss: 8.6548e-01
  Batch 40/100 – Loss: 1.0950e+00
  Batch 50/100 – Loss: 8.2907e-01
  Batch 60/100 – Loss: 9.6707e-01
  Batch 70/100 – Loss: 8.7362e-01
  Batch 80/100 – Loss: 1.1505e+00
  Batch 90/100 – Loss: 7.2080e-01
  Batch 100/100 – Loss: 8.8096e-01
Train Loss: 9.0738e-01 | Val Loss: 1.4661e+00
Train Accuracy: 0.6864 | Val Accuracy: 0.5106
--------------------------------
--- Epoch 37/50 ---
  Batch 10/100 – Loss: 8.7238e-01
  Batch 20/100 – Loss: 9.1374e-01
  Batch 30/100 – Loss: 8.1860e-01
  Batch 40/100 – Loss: 1.0312e+00
  Batch 50/100 – Loss: 9.3901e-01
  Batch 60/100 – Loss: 8.7836e-01
  Batch 70/100 – Loss: 9.4246e-01
  Batch 80/100 – Loss: 9.7168e-01
  Batch 90/100 – Loss: 6.7291e-01
  Batch 100/100 – Loss: 9.0222e-01
Train Loss: 9.0181e-01 | Val Loss: 1.7038e+00
Train Accuracy: 0.6810 | Val Accuracy: 0.4731
--------------------------------
--- Epoch 38/50 ---
  Batch 10/100 – Loss: 7.7060e-01
  Batch 20/100 – Loss: 8.0562e-01
  Batch 30/100 – Loss: 9.5025e-01
  Batch 40/100 – Loss: 7.9489e-01
  Batch 50/100 – Loss: 1.0177e+00
  Batch 60/100 – Loss: 7.4201e-01
  Batch 70/100 – Loss: 1.0587e+00
  Batch 80/100 – Loss: 8.3205e-01
  Batch 90/100 – Loss: 8.5657e-01
  Batch 100/100 – Loss: 8.3860e-01
Train Loss: 8.7847e-01 | Val Loss: 1.8480e+00
Train Accuracy: 0.6907 | Val Accuracy: 0.4355
--------------------------------
--- Epoch 39/50 ---
  Batch 10/100 – Loss: 6.9993e-01
  Batch 20/100 – Loss: 8.4717e-01
  Batch 30/100 – Loss: 9.1102e-01
  Batch 40/100 – Loss: 1.0376e+00
  Batch 50/100 – Loss: 8.6369e-01
  Batch 60/100 – Loss: 8.5999e-01
  Batch 70/100 – Loss: 8.4744e-01
  Batch 80/100 – Loss: 9.6053e-01
  Batch 90/100 – Loss: 8.5296e-01
  Batch 100/100 – Loss: 8.5585e-01
Train Loss: 8.7321e-01 | Val Loss: 1.5568e+00
Train Accuracy: 0.6985 | Val Accuracy: 0.4981
--------------------------------
--- Epoch 40/50 ---
  Batch 10/100 – Loss: 6.1375e-01
  Batch 20/100 – Loss: 8.5399e-01
  Batch 30/100 – Loss: 8.4196e-01
  Batch 40/100 – Loss: 8.5687e-01
  Batch 50/100 – Loss: 1.1174e+00
  Batch 60/100 – Loss: 8.4890e-01
  Batch 70/100 – Loss: 1.2327e+00
  Batch 80/100 – Loss: 1.0075e+00
  Batch 90/100 – Loss: 8.8228e-01
  Batch 100/100 – Loss: 7.8672e-01
Train Loss: 8.4984e-01 | Val Loss: 1.5983e+00
Train Accuracy: 0.7031 | Val Accuracy: 0.5181
--------------------------------
--- Epoch 41/50 ---
  Batch 10/100 – Loss: 8.7733e-01
  Batch 20/100 – Loss: 8.2092e-01
  Batch 30/100 – Loss: 7.9430e-01
  Batch 40/100 – Loss: 1.0454e+00
  Batch 50/100 – Loss: 1.1427e+00
  Batch 60/100 – Loss: 9.3067e-01
  Batch 70/100 – Loss: 5.0201e-01
  Batch 80/100 – Loss: 6.2611e-01
  Batch 90/100 – Loss: 8.8223e-01
  Batch 100/100 – Loss: 8.3545e-01
Train Loss: 8.3800e-01 | Val Loss: 1.3808e+00
Train Accuracy: 0.7064 | Val Accuracy: 0.5407
--------------------------------
--- Epoch 42/50 ---
  Batch 10/100 – Loss: 7.3419e-01
  Batch 20/100 – Loss: 7.6471e-01
  Batch 30/100 – Loss: 7.6225e-01
  Batch 40/100 – Loss: 8.7907e-01
  Batch 50/100 – Loss: 7.2162e-01
  Batch 60/100 – Loss: 6.2664e-01
  Batch 70/100 – Loss: 8.3608e-01
  Batch 80/100 – Loss: 7.2461e-01
  Batch 90/100 – Loss: 6.9843e-01
  Batch 100/100 – Loss: 1.0406e+00
Train Loss: 8.0792e-01 | Val Loss: 1.5224e+00
Train Accuracy: 0.7168 | Val Accuracy: 0.5144
--------------------------------
--- Epoch 43/50 ---
  Batch 10/100 – Loss: 9.2450e-01
  Batch 20/100 – Loss: 9.4403e-01
  Batch 30/100 – Loss: 5.8303e-01
  Batch 40/100 – Loss: 8.5475e-01
  Batch 50/100 – Loss: 8.9860e-01
  Batch 60/100 – Loss: 7.3862e-01
  Batch 70/100 – Loss: 9.9148e-01
  Batch 80/100 – Loss: 7.0283e-01
  Batch 90/100 – Loss: 8.5458e-01
  Batch 100/100 – Loss: 7.8884e-01
Train Loss: 8.1331e-01 | Val Loss: 1.3678e+00
Train Accuracy: 0.7084 | Val Accuracy: 0.5394
--------------------------------
--- Epoch 44/50 ---
  Batch 10/100 – Loss: 7.3080e-01
  Batch 20/100 – Loss: 6.6817e-01
  Batch 30/100 – Loss: 7.0400e-01
  Batch 40/100 – Loss: 6.0205e-01
  Batch 50/100 – Loss: 6.9495e-01
  Batch 60/100 – Loss: 9.3511e-01
  Batch 70/100 – Loss: 7.4251e-01
  Batch 80/100 – Loss: 8.6010e-01
  Batch 90/100 – Loss: 7.2173e-01
  Batch 100/100 – Loss: 8.6297e-01
Train Loss: 7.8221e-01 | Val Loss: 1.5335e+00
Train Accuracy: 0.7292 | Val Accuracy: 0.5169
--------------------------------
--- Epoch 45/50 ---
  Batch 10/100 – Loss: 6.4560e-01
  Batch 20/100 – Loss: 7.1886e-01
  Batch 30/100 – Loss: 7.2207e-01
  Batch 40/100 – Loss: 7.0922e-01
  Batch 50/100 – Loss: 9.2083e-01
  Batch 60/100 – Loss: 8.9948e-01
  Batch 70/100 – Loss: 1.0356e+00
  Batch 80/100 – Loss: 9.3037e-01
  Batch 90/100 – Loss: 7.8761e-01
  Batch 100/100 – Loss: 6.9604e-01
Train Loss: 7.8187e-01 | Val Loss: 1.4236e+00
Train Accuracy: 0.7273 | Val Accuracy: 0.5695
--------------------------------
--- Epoch 46/50 ---
  Batch 10/100 – Loss: 7.6941e-01
  Batch 20/100 – Loss: 5.7112e-01
  Batch 30/100 – Loss: 7.6320e-01
  Batch 40/100 – Loss: 8.8833e-01
  Batch 50/100 – Loss: 8.2730e-01
  Batch 60/100 – Loss: 7.8822e-01
  Batch 70/100 – Loss: 6.9185e-01
  Batch 80/100 – Loss: 7.4702e-01
  Batch 90/100 – Loss: 6.4741e-01
  Batch 100/100 – Loss: 7.5627e-01
Train Loss: 7.5226e-01 | Val Loss: 1.5515e+00
Train Accuracy: 0.7407 | Val Accuracy: 0.5069
--------------------------------
--- Epoch 47/50 ---
  Batch 10/100 – Loss: 6.6962e-01
  Batch 20/100 – Loss: 7.4905e-01
  Batch 30/100 – Loss: 5.7653e-01
  Batch 40/100 – Loss: 7.3054e-01
  Batch 50/100 – Loss: 8.5772e-01
  Batch 60/100 – Loss: 8.4905e-01
  Batch 70/100 – Loss: 7.3094e-01
  Batch 80/100 – Loss: 8.5940e-01
  Batch 90/100 – Loss: 7.4481e-01
  Batch 100/100 – Loss: 8.3608e-01
Train Loss: 7.6074e-01 | Val Loss: 1.3369e+00
Train Accuracy: 0.7329 | Val Accuracy: 0.5569
--------------------------------
--- Epoch 48/50 ---
  Batch 10/100 – Loss: 5.4857e-01
  Batch 20/100 – Loss: 8.2625e-01
  Batch 30/100 – Loss: 7.0796e-01
  Batch 40/100 – Loss: 6.4943e-01
  Batch 50/100 – Loss: 8.0777e-01
  Batch 60/100 – Loss: 8.4978e-01
  Batch 70/100 – Loss: 7.9993e-01
  Batch 80/100 – Loss: 6.7407e-01
  Batch 90/100 – Loss: 6.9911e-01
  Batch 100/100 – Loss: 7.9363e-01
Train Loss: 7.2015e-01 | Val Loss: 1.5767e+00
Train Accuracy: 0.7471 | Val Accuracy: 0.5019
--------------------------------
--- Epoch 49/50 ---
  Batch 10/100 – Loss: 6.5882e-01
  Batch 20/100 – Loss: 6.6929e-01
  Batch 30/100 – Loss: 7.6560e-01
  Batch 40/100 – Loss: 8.5446e-01
  Batch 50/100 – Loss: 9.7063e-01
  Batch 60/100 – Loss: 7.0080e-01
  Batch 70/100 – Loss: 7.3722e-01
  Batch 80/100 – Loss: 7.3707e-01
  Batch 90/100 – Loss: 7.2626e-01
  Batch 100/100 – Loss: 7.7769e-01
Train Loss: 7.2022e-01 | Val Loss: 1.5105e+00
Train Accuracy: 0.7479 | Val Accuracy: 0.5244
--------------------------------
--- Epoch 50/50 ---
  Batch 10/100 – Loss: 5.7472e-01
  Batch 20/100 – Loss: 7.9349e-01
  Batch 30/100 – Loss: 8.3153e-01
  Batch 40/100 – Loss: 9.3946e-01
  Batch 50/100 – Loss: 9.4872e-01
  Batch 60/100 – Loss: 7.5732e-01
  Batch 70/100 – Loss: 8.0097e-01
  Batch 80/100 – Loss: 7.3872e-01
  Batch 90/100 – Loss: 6.3112e-01
  Batch 100/100 – Loss: 5.6107e-01
Train Loss: 7.1889e-01 | Val Loss: 1.5418e+00
Train Accuracy: 0.7500 | Val Accuracy: 0.4894
Modèle sauvegardé : results/improved/weights/weights_3.pth
--- Entraînement Improved terminé ---
