Traceback (most recent call last):
  File "/scratch/mkalla/project_DL_KALLA/main.py", line 103, in <module>
    main()
  File "/scratch/mkalla/project_DL_KALLA/main.py", line 77, in main
    train_losses, val_losses, train_accuracy, val_accuracy = net.train(num_epochs=args.epochs)
  File "/scratch/mkalla/project_DL_KALLA/src/network.py", line 52, in train
    outputs = self.model(inputs)
  File "/scratch/mkalla/project_DL_KALLA/dl_env/lib/python3.10/site-packages/torch/nn/modules/module.py", line 1775, in _wrapped_call_impl
    return self._call_impl(*args, **kwargs)
  File "/scratch/mkalla/project_DL_KALLA/dl_env/lib/python3.10/site-packages/torch/nn/modules/module.py", line 1786, in _call_impl
    return forward_call(*args, **kwargs)
  File "/scratch/mkalla/project_DL_KALLA/src/models/resnn_model.py", line 18, in forward
    x = self.res_layers(x)
  File "/scratch/mkalla/project_DL_KALLA/dl_env/lib/python3.10/site-packages/torch/nn/modules/module.py", line 1775, in _wrapped_call_impl
    return self._call_impl(*args, **kwargs)
  File "/scratch/mkalla/project_DL_KALLA/dl_env/lib/python3.10/site-packages/torch/nn/modules/module.py", line 1786, in _call_impl
    return forward_call(*args, **kwargs)
  File "/scratch/mkalla/project_DL_KALLA/dl_env/lib/python3.10/site-packages/torch/nn/modules/container.py", line 250, in forward
    input = module(input)
  File "/scratch/mkalla/project_DL_KALLA/dl_env/lib/python3.10/site-packages/torch/nn/modules/module.py", line 1775, in _wrapped_call_impl
    return self._call_impl(*args, **kwargs)
  File "/scratch/mkalla/project_DL_KALLA/dl_env/lib/python3.10/site-packages/torch/nn/modules/module.py", line 1786, in _call_impl
    return forward_call(*args, **kwargs)
  File "/scratch/mkalla/project_DL_KALLA/src/models/blocks.py", line 80, in forward
    x = tc.add(x,residual)
RuntimeError: The size of tensor a (64) must match the size of tensor b (128) at non-singleton dimension 3
